This is pdfTeX, Version 3.141592653-2.6-1.40.26 (MiKTeX 24.4) (preloaded format=pdflatex 2024.8.5)  3 NOV 2024 17:15
entering extended mode
 restricted \write18 enabled.
 file:line:error style messages enabled.
 %&-line parsing enabled.
**"c:/Users/Sameer Shaboodien/OneDrive/CHUCK/Work/Skripsie/REPORT/stellenbosch_ee_report_template-master/stellenbosch_ee_report.tex"
(c:/Users/Sameer Shaboodien/OneDrive/CHUCK/Work/Skripsie/REPORT/stellenbosch_ee_report_template-master/stellenbosch_ee_report.tex
LaTeX2e <2024-06-01> patch level 2
L3 programming layer <2024-05-27>
(C:\Users\Sameer Shaboodien\AppData\Local\Programs\MiKTeX\tex/latex/base\report.cls
Document Class: report 2024/02/08 v1.4n Standard LaTeX document class
(C:\Users\Sameer Shaboodien\AppData\Local\Programs\MiKTeX\tex/latex/base\size12.clo
File: size12.clo 2024/02/08 v1.4n Standard LaTeX file (size option)
)
\c@part=\count194
\c@chapter=\count195
\c@section=\count196
\c@subsection=\count197
\c@subsubsection=\count198
\c@paragraph=\count199
\c@subparagraph=\count266
\c@figure=\count267
\c@table=\count268
\abovecaptionskip=\skip49
\belowcaptionskip=\skip50
\bibindent=\dimen141
) (C:\Users\Sameer Shaboodien\AppData\Local\Programs\MiKTeX\tex/latex/geometry\geometry.sty
Package: geometry 2020/01/02 v5.9 Page Geometry
 (C:\Users\Sameer Shaboodien\AppData\Local\Programs\MiKTeX\tex/latex/graphics\keyval.sty
Package: keyval 2022/05/29 v1.15 key=value parser (DPC)
\KV@toks@=\toks17
) (C:\Users\Sameer Shaboodien\AppData\Local\Programs\MiKTeX\tex/generic/iftex\ifvtex.sty
Package: ifvtex 2019/10/25 v1.7 ifvtex legacy package. Use iftex instead.
 (C:\Users\Sameer Shaboodien\AppData\Local\Programs\MiKTeX\tex/generic/iftex\iftex.sty
Package: iftex 2022/02/03 v1.0f TeX engine tests
))
\Gm@cnth=\count269
\Gm@cntv=\count270
\c@Gm@tempcnt=\count271
\Gm@bindingoffset=\dimen142
\Gm@wd@mp=\dimen143
\Gm@odd@mp=\dimen144
\Gm@even@mp=\dimen145
\Gm@layoutwidth=\dimen146
\Gm@layoutheight=\dimen147
\Gm@layouthoffset=\dimen148
\Gm@layoutvoffset=\dimen149
\Gm@dimlist=\toks18
 (C:\Users\Sameer Shaboodien\AppData\Local\Programs\MiKTeX\tex/latex/geometry\geometry.cfg)) (C:\Users\Sameer Shaboodien\AppData\Local\Programs\MiKTeX\tex/generic/babel\babel.sty
Package: babel 2024/06/26 v24.7 The Babel package
\babel@savecnt=\count272
\U@D=\dimen150
\l@unhyphenated=\language79
 (C:\Users\Sameer Shaboodien\AppData\Local\Programs\MiKTeX\tex/generic/babel\txtbabel.def)
\bbl@readstream=\read2
\bbl@dirlevel=\count273

*************************************
* Local config file bblopts.cfg used
*
(C:\Users\Sameer Shaboodien\AppData\Local\Programs\MiKTeX\tex/latex/arabi\bblopts.cfg
File: bblopts.cfg 2005/09/08 v0.1 add Arabic and Farsi to "declared" options of babel
) (C:\Users\Sameer Shaboodien\AppData\Local\Programs\MiKTeX\tex/latex/babel-dutch\afrikaans.ldf
Language: dutch 2021/08/29 v3.8l Dutch support from the babel system
Package babel Info: Making " an active character on input line 127.
) (C:\Users\Sameer Shaboodien\AppData\Local\Programs\MiKTeX\tex/latex/babel-english\english.ldf
Language: english 2017/06/06 v3.3r English support from the babel system
Package babel Info: Hyphen rules for 'canadian' set to \l@english
(babel)             (\language0). Reported on input line 102.
Package babel Info: Hyphen rules for 'australian' set to \l@ukenglish
(babel)             (\language73). Reported on input line 105.
Package babel Info: Hyphen rules for 'newzealand' set to \l@ukenglish
(babel)             (\language73). Reported on input line 108.
)) (C:\Users\Sameer Shaboodien\AppData\Local\Programs\MiKTeX\tex/generic/babel/locale/en\babel-english.tex
Package babel Info: Importing font and identification data for english
(babel)             from babel-en.ini. Reported on input line 11.
) (C:\Users\Sameer Shaboodien\AppData\Local\Programs\MiKTeX\tex/generic/babel/locale/af\babel-afrikaans.tex
Package babel Info: Importing font and identification data for afrikaans
(babel)             from babel-af.ini. Reported on input line 11.
) (C:\Users\Sameer Shaboodien\AppData\Local\Programs\MiKTeX\tex/latex/microtype\microtype.sty
Package: microtype 2024/03/29 v3.1b Micro-typographical refinements (RS)
 (C:\Users\Sameer Shaboodien\AppData\Local\Programs\MiKTeX\tex/latex/etoolbox\etoolbox.sty
Package: etoolbox 2020/10/05 v2.5k e-TeX tools for LaTeX (JAW)
\etb@tempcnta=\count274
)
\MT@toks=\toks19
\MT@tempbox=\box52
\MT@count=\count275
LaTeX Info: Redefining \noprotrusionifhmode on input line 1061.
LaTeX Info: Redefining \leftprotrusion on input line 1062.
\MT@prot@toks=\toks20
LaTeX Info: Redefining \rightprotrusion on input line 1081.
LaTeX Info: Redefining \textls on input line 1392.
\MT@outer@kern=\dimen151
LaTeX Info: Redefining \textmicrotypecontext on input line 2013.
\MT@listname@count=\count276
 (C:\Users\Sameer Shaboodien\AppData\Local\Programs\MiKTeX\tex/latex/microtype\microtype-pdftex.def
File: microtype-pdftex.def 2024/03/29 v3.1b Definitions specific to pdftex (RS)
LaTeX Info: Redefining \lsstyle on input line 902.
LaTeX Info: Redefining \lslig on input line 902.
\MT@outer@space=\skip51
)
Package microtype Info: Loading configuration file microtype.cfg.
 (C:\Users\Sameer Shaboodien\AppData\Local\Programs\MiKTeX\tex/latex/microtype\microtype.cfg
File: microtype.cfg 2024/03/29 v3.1b microtype main configuration file (RS)
)) (C:\Users\Sameer Shaboodien\AppData\Local\Programs\MiKTeX\tex/latex/setspace\setspace.sty
Package: setspace 2022/12/04 v6.7b set line spacing
) (C:\Users\Sameer Shaboodien\AppData\Local\Programs\MiKTeX\tex/latex/lm\lmodern.sty
Package: lmodern 2015/05/01 v1.6.1 Latin Modern Fonts
LaTeX Font Info:    Overwriting symbol font `operators' in version `normal'
(Font)                  OT1/cmr/m/n --> OT1/lmr/m/n on input line 22.
LaTeX Font Info:    Overwriting symbol font `letters' in version `normal'
(Font)                  OML/cmm/m/it --> OML/lmm/m/it on input line 23.
LaTeX Font Info:    Overwriting symbol font `symbols' in version `normal'
(Font)                  OMS/cmsy/m/n --> OMS/lmsy/m/n on input line 24.
LaTeX Font Info:    Overwriting symbol font `largesymbols' in version `normal'
(Font)                  OMX/cmex/m/n --> OMX/lmex/m/n on input line 25.
LaTeX Font Info:    Overwriting symbol font `operators' in version `bold'
(Font)                  OT1/cmr/bx/n --> OT1/lmr/bx/n on input line 26.
LaTeX Font Info:    Overwriting symbol font `letters' in version `bold'
(Font)                  OML/cmm/b/it --> OML/lmm/b/it on input line 27.
LaTeX Font Info:    Overwriting symbol font `symbols' in version `bold'
(Font)                  OMS/cmsy/b/n --> OMS/lmsy/b/n on input line 28.
LaTeX Font Info:    Overwriting symbol font `largesymbols' in version `bold'
(Font)                  OMX/cmex/m/n --> OMX/lmex/m/n on input line 29.
LaTeX Font Info:    Overwriting math alphabet `\mathbf' in version `normal'
(Font)                  OT1/cmr/bx/n --> OT1/lmr/bx/n on input line 31.
LaTeX Font Info:    Overwriting math alphabet `\mathsf' in version `normal'
(Font)                  OT1/cmss/m/n --> OT1/lmss/m/n on input line 32.
LaTeX Font Info:    Overwriting math alphabet `\mathit' in version `normal'
(Font)                  OT1/cmr/m/it --> OT1/lmr/m/it on input line 33.
LaTeX Font Info:    Overwriting math alphabet `\mathtt' in version `normal'
(Font)                  OT1/cmtt/m/n --> OT1/lmtt/m/n on input line 34.
LaTeX Font Info:    Overwriting math alphabet `\mathbf' in version `bold'
(Font)                  OT1/cmr/bx/n --> OT1/lmr/bx/n on input line 35.
LaTeX Font Info:    Overwriting math alphabet `\mathsf' in version `bold'
(Font)                  OT1/cmss/bx/n --> OT1/lmss/bx/n on input line 36.
LaTeX Font Info:    Overwriting math alphabet `\mathit' in version `bold'
(Font)                  OT1/cmr/bx/it --> OT1/lmr/bx/it on input line 37.
LaTeX Font Info:    Overwriting math alphabet `\mathtt' in version `bold'
(Font)                  OT1/cmtt/m/n --> OT1/lmtt/m/n on input line 38.
) (C:\Users\Sameer Shaboodien\AppData\Local\Programs\MiKTeX\tex/latex/siunitx\siunitx.sty
Package: siunitx 2024-06-24 v3.3.19 A comprehensive (SI) units package
\l__siunitx_number_uncert_offset_int=\count277
\l__siunitx_number_exponent_fixed_int=\count278
\l__siunitx_number_min_decimal_int=\count279
\l__siunitx_number_min_integer_int=\count280
\l__siunitx_number_round_precision_int=\count281
\l__siunitx_number_lower_threshold_int=\count282
\l__siunitx_number_upper_threshold_int=\count283
\l__siunitx_number_group_first_int=\count284
\l__siunitx_number_group_size_int=\count285
\l__siunitx_number_group_minimum_int=\count286
\l__siunitx_angle_tmp_dim=\dimen152
\l__siunitx_angle_marker_box=\box53
\l__siunitx_angle_unit_box=\box54
\l__siunitx_compound_count_int=\count287
 (C:\Users\Sameer Shaboodien\AppData\Local\Programs\MiKTeX\tex/latex/translations\translations.sty
Package: translations 2022/02/05 v1.12 internationalization of LaTeX2e packages (CN)
 (C:\Users\Sameer Shaboodien\AppData\Local\Programs\MiKTeX\tex/generic/pdftexcmds\pdftexcmds.sty
Package: pdftexcmds 2020-06-27 v0.33 Utility functions of pdfTeX for LuaTeX (HO)
 (C:\Users\Sameer Shaboodien\AppData\Local\Programs\MiKTeX\tex/generic/infwarerr\infwarerr.sty
Package: infwarerr 2019/12/03 v1.5 Providing info/warning/error messages (HO)
) (C:\Users\Sameer Shaboodien\AppData\Local\Programs\MiKTeX\tex/generic/ltxcmds\ltxcmds.sty
Package: ltxcmds 2023-12-04 v1.26 LaTeX kernel commands for general use (HO)
)
Package pdftexcmds Info: \pdf@primitive is available.
Package pdftexcmds Info: \pdf@ifprimitive is available.
Package pdftexcmds Info: \pdfdraftmode found.
)) (C:\Users\Sameer Shaboodien\AppData\Local\Programs\MiKTeX\tex/latex/amsmath\amstext.sty
Package: amstext 2021/08/26 v2.01 AMS text
 (C:\Users\Sameer Shaboodien\AppData\Local\Programs\MiKTeX\tex/latex/amsmath\amsgen.sty
File: amsgen.sty 1999/11/30 v2.0 generic functions
\@emptytoks=\toks21
\ex@=\dimen153
))
\l__siunitx_table_tmp_box=\box55
\l__siunitx_table_tmp_dim=\dimen154
\l__siunitx_table_column_width_dim=\dimen155
\l__siunitx_table_integer_box=\box56
\l__siunitx_table_decimal_box=\box57
\l__siunitx_table_uncert_box=\box58
\l__siunitx_table_before_box=\box59
\l__siunitx_table_after_box=\box60
\l__siunitx_table_before_dim=\dimen156
\l__siunitx_table_carry_dim=\dimen157
\l__siunitx_unit_tmp_int=\count288
\l__siunitx_unit_position_int=\count289
\l__siunitx_unit_total_int=\count290
 (C:\Users\Sameer Shaboodien\AppData\Local\Programs\MiKTeX\tex/latex/tools\array.sty
Package: array 2024/06/14 v2.6d Tabular extension package (FMi)
\col@sep=\dimen158
\ar@mcellbox=\box61
\extrarowheight=\dimen159
\NC@list=\toks22
\extratabsurround=\skip52
\backup@length=\skip53
\ar@cellbox=\box62
)) (C:\Users\Sameer Shaboodien\AppData\Local\Programs\MiKTeX\tex/latex/listings\listings.sty
\lst@mode=\count291
\lst@gtempboxa=\box63
\lst@token=\toks23
\lst@length=\count292
\lst@currlwidth=\dimen160
\lst@column=\count293
\lst@pos=\count294
\lst@lostspace=\dimen161
\lst@width=\dimen162
\lst@newlines=\count295
\lst@lineno=\count296
\lst@maxwidth=\dimen163
 (C:\Users\Sameer Shaboodien\AppData\Local\Programs\MiKTeX\tex/latex/listings\lstpatch.sty
File: lstpatch.sty 2024/05/25 1.10b (Carsten Heinz)
) (C:\Users\Sameer Shaboodien\AppData\Local\Programs\MiKTeX\tex/latex/listings\lstmisc.sty
File: lstmisc.sty 2024/05/25 1.10b (Carsten Heinz)
\c@lstnumber=\count297
\lst@skipnumbers=\count298
\lst@framebox=\box64
) (C:\Users\Sameer Shaboodien\AppData\Local\Programs\MiKTeX\tex/latex/listings\listings.cfg
File: listings.cfg 2024/05/25 1.10b listings configuration
))
Package: listings 2024/05/25 1.10b (Carsten Heinz)
 (C:\Users\Sameer Shaboodien\AppData\Local\Programs\MiKTeX\tex/latex/xcolor\xcolor.sty
Package: xcolor 2023/11/15 v3.01 LaTeX color extensions (UK)
 (C:\Users\Sameer Shaboodien\AppData\Local\Programs\MiKTeX\tex/latex/graphics-cfg\color.cfg
File: color.cfg 2016/01/02 v1.6 sample color configuration
)
Package xcolor Info: Driver file: pdftex.def on input line 274.
 (C:\Users\Sameer Shaboodien\AppData\Local\Programs\MiKTeX\tex/latex/graphics-def\pdftex.def
File: pdftex.def 2024/04/13 v1.2c Graphics/color driver for pdftex
) (C:\Users\Sameer Shaboodien\AppData\Local\Programs\MiKTeX\tex/latex/graphics\mathcolor.ltx)
Package xcolor Info: Model `cmy' substituted by `cmy0' on input line 1350.
Package xcolor Info: Model `hsb' substituted by `rgb' on input line 1354.
Package xcolor Info: Model `RGB' extended on input line 1366.
Package xcolor Info: Model `HTML' substituted by `rgb' on input line 1368.
Package xcolor Info: Model `Hsb' substituted by `hsb' on input line 1369.
Package xcolor Info: Model `tHsb' substituted by `hsb' on input line 1370.
Package xcolor Info: Model `HSB' substituted by `hsb' on input line 1371.
Package xcolor Info: Model `Gray' substituted by `gray' on input line 1372.
Package xcolor Info: Model `wave' substituted by `hsb' on input line 1373.
) (C:\Users\Sameer Shaboodien\AppData\Local\Programs\MiKTeX\tex/latex/titlesec\titlesec.sty
Package: titlesec 2023/10/27 v2.16 Sectioning titles
\ttl@box=\box65
\beforetitleunit=\skip54
\aftertitleunit=\skip55
\ttl@plus=\dimen164
\ttl@minus=\dimen165
\ttl@toksa=\toks24
\titlewidth=\dimen166
\titlewidthlast=\dimen167
\titlewidthfirst=\dimen168
) (C:\Users\Sameer Shaboodien\AppData\Local\Programs\MiKTeX\tex/latex/caption\caption.sty
Package: caption 2023/08/05 v3.6o Customizing captions (AR)
 (C:\Users\Sameer Shaboodien\AppData\Local\Programs\MiKTeX\tex/latex/caption\caption3.sty
Package: caption3 2023/07/31 v2.4d caption3 kernel (AR)
\caption@tempdima=\dimen169
\captionmargin=\dimen170
\caption@leftmargin=\dimen171
\caption@rightmargin=\dimen172
\caption@width=\dimen173
\caption@indent=\dimen174
\caption@parindent=\dimen175
\caption@hangindent=\dimen176
Package caption Info: Standard document class detected.
)
\c@caption@flags=\count299
\c@continuedfloat=\count300
Package caption Info: listings package is loaded.
) (C:\Users\Sameer Shaboodien\AppData\Local\Programs\MiKTeX\tex/latex/graphics\graphicx.sty
Package: graphicx 2021/09/16 v1.2d Enhanced LaTeX Graphics (DPC,SPQR)
 (C:\Users\Sameer Shaboodien\AppData\Local\Programs\MiKTeX\tex/latex/graphics\graphics.sty
Package: graphics 2024/05/23 v1.4g Standard LaTeX Graphics (DPC,SPQR)
 (C:\Users\Sameer Shaboodien\AppData\Local\Programs\MiKTeX\tex/latex/graphics\trig.sty
Package: trig 2023/12/02 v1.11 sin cos tan (DPC)
) (C:\Users\Sameer Shaboodien\AppData\Local\Programs\MiKTeX\tex/latex/graphics-cfg\graphics.cfg
File: graphics.cfg 2016/06/04 v1.11 sample graphics configuration
)
Package graphics Info: Driver file: pdftex.def on input line 106.
)
\Gin@req@height=\dimen177
\Gin@req@width=\dimen178
) (C:\Users\Sameer Shaboodien\AppData\Local\Programs\MiKTeX\tex/latex/pdfpages\pdfpages.sty
Package: pdfpages 2024/05/29 v0.6a Insert pages of external PDF documents (AM)
 (C:\Users\Sameer Shaboodien\AppData\Local\Programs\MiKTeX\tex/latex/base\ifthen.sty
Package: ifthen 2024/03/16 v1.1e Standard LaTeX ifthen package (DPC)
) (C:\Users\Sameer Shaboodien\AppData\Local\Programs\MiKTeX\tex/latex/tools\calc.sty
Package: calc 2023/07/08 v4.3 Infix arithmetic (KKT,FJ)
\calc@Acount=\count301
\calc@Bcount=\count302
\calc@Adimen=\dimen179
\calc@Bdimen=\dimen180
\calc@Askip=\skip56
\calc@Bskip=\skip57
LaTeX Info: Redefining \setlength on input line 80.
LaTeX Info: Redefining \addtolength on input line 81.
\calc@Ccount=\count303
\calc@Cskip=\skip58
) (C:\Users\Sameer Shaboodien\AppData\Local\Programs\MiKTeX\tex/latex/eso-pic\eso-pic.sty
Package: eso-pic 2023/05/03 v3.0c eso-pic (RN)
\ESO@tempdima=\dimen181
\ESO@tempdimb=\dimen182
)
\AM@pagewidth=\dimen183
\AM@pageheight=\dimen184
\AM@fboxrule=\dimen185
 (C:\Users\Sameer Shaboodien\AppData\Local\Programs\MiKTeX\tex/latex/pdfpages\pppdftex.def
File: pppdftex.def 2024/05/29 v0.6a Pdfpages driver for pdfTeX (AM)
)
\pdfpages@includegraphics@status=\count304
\AM@pagebox=\box66
\AM@global@opts=\toks25
\AM@pagecnt=\count305
\AM@toc@title=\toks26
\AM@lof@heading=\toks27
\c@AM@survey=\count306
\AM@templatesizebox=\box67
) (C:\Users\Sameer Shaboodien\AppData\Local\Programs\MiKTeX\tex/latex/caption\subcaption.sty
Package: subcaption 2023/07/28 v1.6b Sub-captions (AR)
Package caption Info: New subtype `subfigure' on input line 238.
\c@subfigure=\count307
Package caption Info: New subtype `subtable' on input line 238.
\c@subtable=\count308
) (C:\Users\Sameer Shaboodien\AppData\Local\Programs\MiKTeX\tex/latex/amsmath\amsmath.sty
Package: amsmath 2024/05/23 v2.17q AMS math features
\@mathmargin=\skip59

For additional information on amsmath, use the `?' option.
(C:\Users\Sameer Shaboodien\AppData\Local\Programs\MiKTeX\tex/latex/amsmath\amsbsy.sty
Package: amsbsy 1999/11/29 v1.2d Bold Symbols
\pmbraise@=\dimen186
) (C:\Users\Sameer Shaboodien\AppData\Local\Programs\MiKTeX\tex/latex/amsmath\amsopn.sty
Package: amsopn 2022/04/08 v2.04 operator names
)
\inf@bad=\count309
LaTeX Info: Redefining \frac on input line 233.
\uproot@=\count310
\leftroot@=\count311
LaTeX Info: Redefining \overline on input line 398.
LaTeX Info: Redefining \colon on input line 409.
\classnum@=\count312
\DOTSCASE@=\count313
LaTeX Info: Redefining \ldots on input line 495.
LaTeX Info: Redefining \dots on input line 498.
LaTeX Info: Redefining \cdots on input line 619.
\Mathstrutbox@=\box68
\strutbox@=\box69
LaTeX Info: Redefining \big on input line 721.
LaTeX Info: Redefining \Big on input line 722.
LaTeX Info: Redefining \bigg on input line 723.
LaTeX Info: Redefining \Bigg on input line 724.
\big@size=\dimen187
LaTeX Font Info:    Redeclaring font encoding OML on input line 742.
LaTeX Font Info:    Redeclaring font encoding OMS on input line 743.
\macc@depth=\count314
LaTeX Info: Redefining \bmod on input line 904.
LaTeX Info: Redefining \pmod on input line 909.
LaTeX Info: Redefining \smash on input line 939.
LaTeX Info: Redefining \relbar on input line 969.
LaTeX Info: Redefining \Relbar on input line 970.
\c@MaxMatrixCols=\count315
\dotsspace@=\muskip17
\c@parentequation=\count316
\dspbrk@lvl=\count317
\tag@help=\toks28
\row@=\count318
\column@=\count319
\maxfields@=\count320
\andhelp@=\toks29
\eqnshift@=\dimen188
\alignsep@=\dimen189
\tagshift@=\dimen190
\tagwidth@=\dimen191
\totwidth@=\dimen192
\lineht@=\dimen193
\@envbody=\toks30
\multlinegap=\skip60
\multlinetaggap=\skip61
\mathdisplay@stack=\toks31
LaTeX Info: Redefining \[ on input line 2953.
LaTeX Info: Redefining \] on input line 2954.
) (C:\Users\Sameer Shaboodien\AppData\Local\Programs\MiKTeX\tex/latex/amsfonts\amssymb.sty
Package: amssymb 2013/01/14 v3.01 AMS font symbols
 (C:\Users\Sameer Shaboodien\AppData\Local\Programs\MiKTeX\tex/latex/amsfonts\amsfonts.sty
Package: amsfonts 2013/01/14 v3.01 Basic AMSFonts support
\symAMSa=\mathgroup4
\symAMSb=\mathgroup5
LaTeX Font Info:    Redeclaring math symbol \hbar on input line 98.
LaTeX Font Info:    Overwriting math alphabet `\mathfrak' in version `bold'
(Font)                  U/euf/m/n --> U/euf/b/n on input line 106.
)) (C:\Users\Sameer Shaboodien\AppData\Local\Programs\MiKTeX\tex/latex/cancel\cancel.sty
Package: cancel 2013/04/12 v2.2 Cancel math terms
) (C:\Users\Sameer Shaboodien\AppData\Local\Programs\MiKTeX\tex/latex/booktabs\booktabs.sty
Package: booktabs 2020/01/12 v1.61803398 Publication quality tables
\heavyrulewidth=\dimen194
\lightrulewidth=\dimen195
\cmidrulewidth=\dimen196
\belowrulesep=\dimen197
\belowbottomsep=\dimen198
\aboverulesep=\dimen199
\abovetopsep=\dimen256
\cmidrulesep=\dimen257
\cmidrulekern=\dimen258
\defaultaddspace=\dimen259
\@cmidla=\count321
\@cmidlb=\count322
\@aboverulesep=\dimen260
\@belowrulesep=\dimen261
\@thisruleclass=\count323
\@lastruleclass=\count324
\@thisrulewidth=\dimen262
) (C:\Users\Sameer Shaboodien\AppData\Local\Programs\MiKTeX\tex/latex/tools\tabularx.sty
Package: tabularx 2023/12/11 v2.12a `tabularx' package (DPC)
\TX@col@width=\dimen263
\TX@old@table=\dimen264
\TX@old@col=\dimen265
\TX@target=\dimen266
\TX@delta=\dimen267
\TX@cols=\count325
\TX@ftn=\toks32
) (C:\Users\Sameer Shaboodien\AppData\Local\Programs\MiKTeX\tex/latex/multirow\multirow.sty
Package: multirow 2021/03/15 v2.8 Span multiple rows of a table
\multirow@colwidth=\skip62
\multirow@cntb=\count326
\multirow@dima=\skip63
\bigstrutjot=\dimen268
) (C:\Users\Sameer Shaboodien\AppData\Local\Programs\MiKTeX\tex/latex/makecell\makecell.sty
Package: makecell 2009/08/03 V0.1e Managing of Tab Column Heads and Cells
\rotheadsize=\dimen269
\c@nlinenum=\count327
\TeXr@lab=\toks33
) (C:\Users\Sameer Shaboodien\AppData\Local\Programs\MiKTeX\tex/latex/fancyhdr\fancyhdr.sty
Package: fancyhdr 2024/07/23 v4.3.1 Extensive control of page headers and footers
\f@nch@headwidth=\skip64
\f@nch@O@elh=\skip65
\f@nch@O@erh=\skip66
\f@nch@O@olh=\skip67
\f@nch@O@orh=\skip68
\f@nch@O@elf=\skip69
\f@nch@O@erf=\skip70
\f@nch@O@olf=\skip71
\f@nch@O@orf=\skip72
)

Package fancyhdr Warning: \fancyhead's `E' option without twoside option is useless.
(fancyhdr)                Please consider using the `twoside' option on input line 79.

(C:\Users\Sameer Shaboodien\AppData\Local\Programs\MiKTeX\tex/latex/algorithms\algorithm.sty
Package: algorithm 2009/08/24 v0.1 Document Style `algorithm' - floating environment
 (C:\Users\Sameer Shaboodien\AppData\Local\Programs\MiKTeX\tex/latex/float\float.sty
Package: float 2001/11/08 v1.3d Float enhancements (AL)
\c@float@type=\count328
\float@exts=\toks34
\float@box=\box70
\@float@everytoks=\toks35
\@floatcapt=\box71
)
\@float@every@algorithm=\toks36
\c@algorithm=\count329
) (C:\Users\Sameer Shaboodien\AppData\Local\Programs\MiKTeX\tex/latex/hyperref\hyperref.sty
Package: hyperref 2024-07-10 v7.01j Hypertext links for LaTeX
 (C:\Users\Sameer Shaboodien\AppData\Local\Programs\MiKTeX\tex/latex/kvsetkeys\kvsetkeys.sty
Package: kvsetkeys 2022-10-05 v1.19 Key value parser (HO)
) (C:\Users\Sameer Shaboodien\AppData\Local\Programs\MiKTeX\tex/generic/kvdefinekeys\kvdefinekeys.sty
Package: kvdefinekeys 2019-12-19 v1.6 Define keys (HO)
) (C:\Users\Sameer Shaboodien\AppData\Local\Programs\MiKTeX\tex/generic/pdfescape\pdfescape.sty
Package: pdfescape 2019/12/09 v1.15 Implements pdfTeX's escape features (HO)
) (C:\Users\Sameer Shaboodien\AppData\Local\Programs\MiKTeX\tex/latex/hycolor\hycolor.sty
Package: hycolor 2020-01-27 v1.10 Color options for hyperref/bookmark (HO)
) (C:\Users\Sameer Shaboodien\AppData\Local\Programs\MiKTeX\tex/latex/hyperref\nameref.sty
Package: nameref 2023-11-26 v2.56 Cross-referencing by name of section
 (C:\Users\Sameer Shaboodien\AppData\Local\Programs\MiKTeX\tex/latex/refcount\refcount.sty
Package: refcount 2019/12/15 v3.6 Data extraction from label references (HO)
) (C:\Users\Sameer Shaboodien\AppData\Local\Programs\MiKTeX\tex/generic/gettitlestring\gettitlestring.sty
Package: gettitlestring 2019/12/15 v1.6 Cleanup title references (HO)
 (C:\Users\Sameer Shaboodien\AppData\Local\Programs\MiKTeX\tex/latex/kvoptions\kvoptions.sty
Package: kvoptions 2022-06-15 v3.15 Key value format for package options (HO)
))
\c@section@level=\count330
) (C:\Users\Sameer Shaboodien\AppData\Local\Programs\MiKTeX\tex/generic/stringenc\stringenc.sty
Package: stringenc 2019/11/29 v1.12 Convert strings between diff. encodings (HO)
)
\@linkdim=\dimen270
\Hy@linkcounter=\count331
\Hy@pagecounter=\count332
 (C:\Users\Sameer Shaboodien\AppData\Local\Programs\MiKTeX\tex/latex/hyperref\pd1enc.def
File: pd1enc.def 2024-07-10 v7.01j Hyperref: PDFDocEncoding definition (HO)
Now handling font encoding PD1 ...
... no UTF-8 mapping file for font encoding PD1
) (C:\Users\Sameer Shaboodien\AppData\Local\Programs\MiKTeX\tex/generic/intcalc\intcalc.sty
Package: intcalc 2019/12/15 v1.3 Expandable calculations with integers (HO)
)
\Hy@SavedSpaceFactor=\count333
 (C:\Users\Sameer Shaboodien\AppData\Local\Programs\MiKTeX\tex/latex/hyperref\puenc.def
File: puenc.def 2024-07-10 v7.01j Hyperref: PDF Unicode definition (HO)
Now handling font encoding PU ...
... no UTF-8 mapping file for font encoding PU
)
Package hyperref Info: Hyper figures OFF on input line 4157.
Package hyperref Info: Link nesting OFF on input line 4162.
Package hyperref Info: Hyper index ON on input line 4165.
Package hyperref Info: Plain pages OFF on input line 4172.
Package hyperref Info: Backreferencing OFF on input line 4177.
Package hyperref Info: Implicit mode ON; LaTeX internals redefined.
Package hyperref Info: Bookmarks ON on input line 4424.
\c@Hy@tempcnt=\count334
 (C:\Users\Sameer Shaboodien\AppData\Local\Programs\MiKTeX\tex/latex/url\url.sty
\Urlmuskip=\muskip18
Package: url 2013/09/16  ver 3.4  Verb mode for urls, etc.
)
LaTeX Info: Redefining \url on input line 4763.
\XeTeXLinkMargin=\dimen271
 (C:\Users\Sameer Shaboodien\AppData\Local\Programs\MiKTeX\tex/generic/bitset\bitset.sty
Package: bitset 2019/12/09 v1.3 Handle bit-vector datatype (HO)
 (C:\Users\Sameer Shaboodien\AppData\Local\Programs\MiKTeX\tex/generic/bigintcalc\bigintcalc.sty
Package: bigintcalc 2019/12/15 v1.5 Expandable calculations on big integers (HO)
))
\Fld@menulength=\count335
\Field@Width=\dimen272
\Fld@charsize=\dimen273
Package hyperref Info: Hyper figures OFF on input line 6042.
Package hyperref Info: Link nesting OFF on input line 6047.
Package hyperref Info: Hyper index ON on input line 6050.
Package hyperref Info: backreferencing OFF on input line 6057.
Package hyperref Info: Link coloring OFF on input line 6062.
Package hyperref Info: Link coloring with OCG OFF on input line 6067.
Package hyperref Info: PDF/A mode OFF on input line 6072.
 (C:\Users\Sameer Shaboodien\AppData\Local\Programs\MiKTeX\tex/latex/base\atbegshi-ltx.sty
Package: atbegshi-ltx 2021/01/10 v1.0c Emulation of the original atbegshi
package with kernel methods
)
\Hy@abspage=\count336
\c@Item=\count337
\c@Hfootnote=\count338
)
Package hyperref Info: Driver (autodetected): hpdftex.
 (C:\Users\Sameer Shaboodien\AppData\Local\Programs\MiKTeX\tex/latex/hyperref\hpdftex.def
File: hpdftex.def 2024-07-10 v7.01j Hyperref driver for pdfTeX
 (C:\Users\Sameer Shaboodien\AppData\Local\Programs\MiKTeX\tex/latex/base\atveryend-ltx.sty
Package: atveryend-ltx 2020/08/19 v1.0a Emulation of the original atveryend package
with kernel methods
)
\Fld@listcount=\count339
\c@bookmark@seq@number=\count340
 (C:\Users\Sameer Shaboodien\AppData\Local\Programs\MiKTeX\tex/latex/rerunfilecheck\rerunfilecheck.sty
Package: rerunfilecheck 2022-07-10 v1.10 Rerun checks for auxiliary files (HO)
 (C:\Users\Sameer Shaboodien\AppData\Local\Programs\MiKTeX\tex/generic/uniquecounter\uniquecounter.sty
Package: uniquecounter 2019/12/15 v1.4 Provide unlimited unique counter (HO)
)
Package uniquecounter Info: New unique counter `rerunfilecheck' on input line 285.
)
\Hy@SectionHShift=\skip73
)
Package hyperref Info: Option `colorlinks' set `true' on input line 92.
 (C:\Users\Sameer Shaboodien\AppData\Local\Programs\MiKTeX\tex/latex/tocbibind\tocbibind.sty
Package: tocbibind 2010/10/13 v1.5k extra ToC listings
Package tocbibind Info: The document has chapter divisions on input line 50.


Package tocbibind Note: Using chapter style headings, unless overridden.

) (C:\Users\Sameer Shaboodien\AppData\Local\Programs\MiKTeX\tex/latex/algorithmicx\algpseudocode.sty
Package: algpseudocode 
 (C:\Users\Sameer Shaboodien\AppData\Local\Programs\MiKTeX\tex/latex/algorithmicx\algorithmicx.sty
Package: algorithmicx 2005/04/27 v1.2 Algorithmicx

Document Style algorithmicx 1.2 - a greatly improved `algorithmic' style
\c@ALG@line=\count341
\c@ALG@rem=\count342
\c@ALG@nested=\count343
\ALG@tlm=\skip74
\ALG@thistlm=\skip75
\c@ALG@Lnr=\count344
\c@ALG@blocknr=\count345
\c@ALG@storecount=\count346
\c@ALG@tmpcounter=\count347
\ALG@tmplength=\skip76
)
Document Style - pseudocode environments for use with the `algorithmicx' style
) (C:\Users\Sameer Shaboodien\AppData\Local\Programs\MiKTeX\tex/latex/pgf/frontendlayer\tikz.sty (C:\Users\Sameer Shaboodien\AppData\Local\Programs\MiKTeX\tex/latex/pgf/basiclayer\pgf.sty (C:\Users\Sameer Shaboodien\AppData\Local\Programs\MiKTeX\tex/latex/pgf/utilities\pgfrcs.sty (C:\Users\Sameer Shaboodien\AppData\Local\Programs\MiKTeX\tex/generic/pgf/utilities\pgfutil-common.tex
\pgfutil@everybye=\toks37
\pgfutil@tempdima=\dimen274
\pgfutil@tempdimb=\dimen275
) (C:\Users\Sameer Shaboodien\AppData\Local\Programs\MiKTeX\tex/generic/pgf/utilities\pgfutil-latex.def
\pgfutil@abb=\box72
) (C:\Users\Sameer Shaboodien\AppData\Local\Programs\MiKTeX\tex/generic/pgf/utilities\pgfrcs.code.tex (C:\Users\Sameer Shaboodien\AppData\Local\Programs\MiKTeX\tex/generic/pgf\pgf.revision.tex)
Package: pgfrcs 2023-01-15 v3.1.10 (3.1.10)
))
Package: pgf 2023-01-15 v3.1.10 (3.1.10)
 (C:\Users\Sameer Shaboodien\AppData\Local\Programs\MiKTeX\tex/latex/pgf/basiclayer\pgfcore.sty (C:\Users\Sameer Shaboodien\AppData\Local\Programs\MiKTeX\tex/latex/pgf/systemlayer\pgfsys.sty (C:\Users\Sameer Shaboodien\AppData\Local\Programs\MiKTeX\tex/generic/pgf/systemlayer\pgfsys.code.tex
Package: pgfsys 2023-01-15 v3.1.10 (3.1.10)
 (C:\Users\Sameer Shaboodien\AppData\Local\Programs\MiKTeX\tex/generic/pgf/utilities\pgfkeys.code.tex
\pgfkeys@pathtoks=\toks38
\pgfkeys@temptoks=\toks39
 (C:\Users\Sameer Shaboodien\AppData\Local\Programs\MiKTeX\tex/generic/pgf/utilities\pgfkeyslibraryfiltered.code.tex
\pgfkeys@tmptoks=\toks40
))
\pgf@x=\dimen276
\pgf@y=\dimen277
\pgf@xa=\dimen278
\pgf@ya=\dimen279
\pgf@xb=\dimen280
\pgf@yb=\dimen281
\pgf@xc=\dimen282
\pgf@yc=\dimen283
\pgf@xd=\dimen284
\pgf@yd=\dimen285
\w@pgf@writea=\write3
\r@pgf@reada=\read3
\c@pgf@counta=\count348
\c@pgf@countb=\count349
\c@pgf@countc=\count350
\c@pgf@countd=\count351
\t@pgf@toka=\toks41
\t@pgf@tokb=\toks42
\t@pgf@tokc=\toks43
\pgf@sys@id@count=\count352
 (C:\Users\Sameer Shaboodien\AppData\Local\Programs\MiKTeX\tex/generic/pgf/systemlayer\pgf.cfg
File: pgf.cfg 2023-01-15 v3.1.10 (3.1.10)
)
Driver file for pgf: pgfsys-pdftex.def
 (C:\Users\Sameer Shaboodien\AppData\Local\Programs\MiKTeX\tex/generic/pgf/systemlayer\pgfsys-pdftex.def
File: pgfsys-pdftex.def 2023-01-15 v3.1.10 (3.1.10)
 (C:\Users\Sameer Shaboodien\AppData\Local\Programs\MiKTeX\tex/generic/pgf/systemlayer\pgfsys-common-pdf.def
File: pgfsys-common-pdf.def 2023-01-15 v3.1.10 (3.1.10)
))) (C:\Users\Sameer Shaboodien\AppData\Local\Programs\MiKTeX\tex/generic/pgf/systemlayer\pgfsyssoftpath.code.tex
File: pgfsyssoftpath.code.tex 2023-01-15 v3.1.10 (3.1.10)
\pgfsyssoftpath@smallbuffer@items=\count353
\pgfsyssoftpath@bigbuffer@items=\count354
) (C:\Users\Sameer Shaboodien\AppData\Local\Programs\MiKTeX\tex/generic/pgf/systemlayer\pgfsysprotocol.code.tex
File: pgfsysprotocol.code.tex 2023-01-15 v3.1.10 (3.1.10)
)) (C:\Users\Sameer Shaboodien\AppData\Local\Programs\MiKTeX\tex/generic/pgf/basiclayer\pgfcore.code.tex
Package: pgfcore 2023-01-15 v3.1.10 (3.1.10)
 (C:\Users\Sameer Shaboodien\AppData\Local\Programs\MiKTeX\tex/generic/pgf/math\pgfmath.code.tex (C:\Users\Sameer Shaboodien\AppData\Local\Programs\MiKTeX\tex/generic/pgf/math\pgfmathutil.code.tex) (C:\Users\Sameer Shaboodien\AppData\Local\Programs\MiKTeX\tex/generic/pgf/math\pgfmathparser.code.tex
\pgfmath@dimen=\dimen286
\pgfmath@count=\count355
\pgfmath@box=\box73
\pgfmath@toks=\toks44
\pgfmath@stack@operand=\toks45
\pgfmath@stack@operation=\toks46
) (C:\Users\Sameer Shaboodien\AppData\Local\Programs\MiKTeX\tex/generic/pgf/math\pgfmathfunctions.code.tex) (C:\Users\Sameer Shaboodien\AppData\Local\Programs\MiKTeX\tex/generic/pgf/math\pgfmathfunctions.basic.code.tex) (C:\Users\Sameer Shaboodien\AppData\Local\Programs\MiKTeX\tex/generic/pgf/math\pgfmathfunctions.trigonometric.code.tex) (C:\Users\Sameer Shaboodien\AppData\Local\Programs\MiKTeX\tex/generic/pgf/math\pgfmathfunctions.random.code.tex) (C:\Users\Sameer Shaboodien\AppData\Local\Programs\MiKTeX\tex/generic/pgf/math\pgfmathfunctions.comparison.code.tex) (C:\Users\Sameer Shaboodien\AppData\Local\Programs\MiKTeX\tex/generic/pgf/math\pgfmathfunctions.base.code.tex) (C:\Users\Sameer Shaboodien\AppData\Local\Programs\MiKTeX\tex/generic/pgf/math\pgfmathfunctions.round.code.tex) (C:\Users\Sameer Shaboodien\AppData\Local\Programs\MiKTeX\tex/generic/pgf/math\pgfmathfunctions.misc.code.tex) (C:\Users\Sameer Shaboodien\AppData\Local\Programs\MiKTeX\tex/generic/pgf/math\pgfmathfunctions.integerarithmetics.code.tex) (C:\Users\Sameer Shaboodien\AppData\Local\Programs\MiKTeX\tex/generic/pgf/math\pgfmathcalc.code.tex) (C:\Users\Sameer Shaboodien\AppData\Local\Programs\MiKTeX\tex/generic/pgf/math\pgfmathfloat.code.tex
\c@pgfmathroundto@lastzeros=\count356
)) (C:\Users\Sameer Shaboodien\AppData\Local\Programs\MiKTeX\tex/generic/pgf/math\pgfint.code.tex) (C:\Users\Sameer Shaboodien\AppData\Local\Programs\MiKTeX\tex/generic/pgf/basiclayer\pgfcorepoints.code.tex
File: pgfcorepoints.code.tex 2023-01-15 v3.1.10 (3.1.10)
\pgf@picminx=\dimen287
\pgf@picmaxx=\dimen288
\pgf@picminy=\dimen289
\pgf@picmaxy=\dimen290
\pgf@pathminx=\dimen291
\pgf@pathmaxx=\dimen292
\pgf@pathminy=\dimen293
\pgf@pathmaxy=\dimen294
\pgf@xx=\dimen295
\pgf@xy=\dimen296
\pgf@yx=\dimen297
\pgf@yy=\dimen298
\pgf@zx=\dimen299
\pgf@zy=\dimen300
) (C:\Users\Sameer Shaboodien\AppData\Local\Programs\MiKTeX\tex/generic/pgf/basiclayer\pgfcorepathconstruct.code.tex
File: pgfcorepathconstruct.code.tex 2023-01-15 v3.1.10 (3.1.10)
\pgf@path@lastx=\dimen301
\pgf@path@lasty=\dimen302
) (C:\Users\Sameer Shaboodien\AppData\Local\Programs\MiKTeX\tex/generic/pgf/basiclayer\pgfcorepathusage.code.tex
File: pgfcorepathusage.code.tex 2023-01-15 v3.1.10 (3.1.10)
\pgf@shorten@end@additional=\dimen303
\pgf@shorten@start@additional=\dimen304
) (C:\Users\Sameer Shaboodien\AppData\Local\Programs\MiKTeX\tex/generic/pgf/basiclayer\pgfcorescopes.code.tex
File: pgfcorescopes.code.tex 2023-01-15 v3.1.10 (3.1.10)
\pgfpic=\box74
\pgf@hbox=\box75
\pgf@layerbox@main=\box76
\pgf@picture@serial@count=\count357
) (C:\Users\Sameer Shaboodien\AppData\Local\Programs\MiKTeX\tex/generic/pgf/basiclayer\pgfcoregraphicstate.code.tex
File: pgfcoregraphicstate.code.tex 2023-01-15 v3.1.10 (3.1.10)
\pgflinewidth=\dimen305
) (C:\Users\Sameer Shaboodien\AppData\Local\Programs\MiKTeX\tex/generic/pgf/basiclayer\pgfcoretransformations.code.tex
File: pgfcoretransformations.code.tex 2023-01-15 v3.1.10 (3.1.10)
\pgf@pt@x=\dimen306
\pgf@pt@y=\dimen307
\pgf@pt@temp=\dimen308
) (C:\Users\Sameer Shaboodien\AppData\Local\Programs\MiKTeX\tex/generic/pgf/basiclayer\pgfcorequick.code.tex
File: pgfcorequick.code.tex 2023-01-15 v3.1.10 (3.1.10)
) (C:\Users\Sameer Shaboodien\AppData\Local\Programs\MiKTeX\tex/generic/pgf/basiclayer\pgfcoreobjects.code.tex
File: pgfcoreobjects.code.tex 2023-01-15 v3.1.10 (3.1.10)
) (C:\Users\Sameer Shaboodien\AppData\Local\Programs\MiKTeX\tex/generic/pgf/basiclayer\pgfcorepathprocessing.code.tex
File: pgfcorepathprocessing.code.tex 2023-01-15 v3.1.10 (3.1.10)
) (C:\Users\Sameer Shaboodien\AppData\Local\Programs\MiKTeX\tex/generic/pgf/basiclayer\pgfcorearrows.code.tex
File: pgfcorearrows.code.tex 2023-01-15 v3.1.10 (3.1.10)
\pgfarrowsep=\dimen309
) (C:\Users\Sameer Shaboodien\AppData\Local\Programs\MiKTeX\tex/generic/pgf/basiclayer\pgfcoreshade.code.tex
File: pgfcoreshade.code.tex 2023-01-15 v3.1.10 (3.1.10)
\pgf@max=\dimen310
\pgf@sys@shading@range@num=\count358
\pgf@shadingcount=\count359
) (C:\Users\Sameer Shaboodien\AppData\Local\Programs\MiKTeX\tex/generic/pgf/basiclayer\pgfcoreimage.code.tex
File: pgfcoreimage.code.tex 2023-01-15 v3.1.10 (3.1.10)
) (C:\Users\Sameer Shaboodien\AppData\Local\Programs\MiKTeX\tex/generic/pgf/basiclayer\pgfcoreexternal.code.tex
File: pgfcoreexternal.code.tex 2023-01-15 v3.1.10 (3.1.10)
\pgfexternal@startupbox=\box77
) (C:\Users\Sameer Shaboodien\AppData\Local\Programs\MiKTeX\tex/generic/pgf/basiclayer\pgfcorelayers.code.tex
File: pgfcorelayers.code.tex 2023-01-15 v3.1.10 (3.1.10)
) (C:\Users\Sameer Shaboodien\AppData\Local\Programs\MiKTeX\tex/generic/pgf/basiclayer\pgfcoretransparency.code.tex
File: pgfcoretransparency.code.tex 2023-01-15 v3.1.10 (3.1.10)
) (C:\Users\Sameer Shaboodien\AppData\Local\Programs\MiKTeX\tex/generic/pgf/basiclayer\pgfcorepatterns.code.tex
File: pgfcorepatterns.code.tex 2023-01-15 v3.1.10 (3.1.10)
) (C:\Users\Sameer Shaboodien\AppData\Local\Programs\MiKTeX\tex/generic/pgf/basiclayer\pgfcorerdf.code.tex
File: pgfcorerdf.code.tex 2023-01-15 v3.1.10 (3.1.10)
))) (C:\Users\Sameer Shaboodien\AppData\Local\Programs\MiKTeX\tex/generic/pgf/modules\pgfmoduleshapes.code.tex
File: pgfmoduleshapes.code.tex 2023-01-15 v3.1.10 (3.1.10)
\pgfnodeparttextbox=\box78
) (C:\Users\Sameer Shaboodien\AppData\Local\Programs\MiKTeX\tex/generic/pgf/modules\pgfmoduleplot.code.tex
File: pgfmoduleplot.code.tex 2023-01-15 v3.1.10 (3.1.10)
) (C:\Users\Sameer Shaboodien\AppData\Local\Programs\MiKTeX\tex/latex/pgf/compatibility\pgfcomp-version-0-65.sty
Package: pgfcomp-version-0-65 2023-01-15 v3.1.10 (3.1.10)
\pgf@nodesepstart=\dimen311
\pgf@nodesepend=\dimen312
) (C:\Users\Sameer Shaboodien\AppData\Local\Programs\MiKTeX\tex/latex/pgf/compatibility\pgfcomp-version-1-18.sty
Package: pgfcomp-version-1-18 2023-01-15 v3.1.10 (3.1.10)
)) (C:\Users\Sameer Shaboodien\AppData\Local\Programs\MiKTeX\tex/latex/pgf/utilities\pgffor.sty (C:\Users\Sameer Shaboodien\AppData\Local\Programs\MiKTeX\tex/latex/pgf/utilities\pgfkeys.sty (C:\Users\Sameer Shaboodien\AppData\Local\Programs\MiKTeX\tex/generic/pgf/utilities\pgfkeys.code.tex)) (C:\Users\Sameer Shaboodien\AppData\Local\Programs\MiKTeX\tex/latex/pgf/math\pgfmath.sty (C:\Users\Sameer Shaboodien\AppData\Local\Programs\MiKTeX\tex/generic/pgf/math\pgfmath.code.tex)) (C:\Users\Sameer Shaboodien\AppData\Local\Programs\MiKTeX\tex/generic/pgf/utilities\pgffor.code.tex
Package: pgffor 2023-01-15 v3.1.10 (3.1.10)
\pgffor@iter=\dimen313
\pgffor@skip=\dimen314
\pgffor@stack=\toks47
\pgffor@toks=\toks48
)) (C:\Users\Sameer Shaboodien\AppData\Local\Programs\MiKTeX\tex/generic/pgf/frontendlayer/tikz\tikz.code.tex
Package: tikz 2023-01-15 v3.1.10 (3.1.10)
 (C:\Users\Sameer Shaboodien\AppData\Local\Programs\MiKTeX\tex/generic/pgf/libraries\pgflibraryplothandlers.code.tex
File: pgflibraryplothandlers.code.tex 2023-01-15 v3.1.10 (3.1.10)
\pgf@plot@mark@count=\count360
\pgfplotmarksize=\dimen315
)
\tikz@lastx=\dimen316
\tikz@lasty=\dimen317
\tikz@lastxsaved=\dimen318
\tikz@lastysaved=\dimen319
\tikz@lastmovetox=\dimen320
\tikz@lastmovetoy=\dimen321
\tikzleveldistance=\dimen322
\tikzsiblingdistance=\dimen323
\tikz@figbox=\box79
\tikz@figbox@bg=\box80
\tikz@tempbox=\box81
\tikz@tempbox@bg=\box82
\tikztreelevel=\count361
\tikznumberofchildren=\count362
\tikznumberofcurrentchild=\count363
\tikz@fig@count=\count364
 (C:\Users\Sameer Shaboodien\AppData\Local\Programs\MiKTeX\tex/generic/pgf/modules\pgfmodulematrix.code.tex
File: pgfmodulematrix.code.tex 2023-01-15 v3.1.10 (3.1.10)
\pgfmatrixcurrentrow=\count365
\pgfmatrixcurrentcolumn=\count366
\pgf@matrix@numberofcolumns=\count367
)
\tikz@expandcount=\count368
 (C:\Users\Sameer Shaboodien\AppData\Local\Programs\MiKTeX\tex/generic/pgf/frontendlayer/tikz/libraries\tikzlibrarytopaths.code.tex
File: tikzlibrarytopaths.code.tex 2023-01-15 v3.1.10 (3.1.10)
))) (C:\Users\Sameer Shaboodien\AppData\Local\Programs\MiKTeX\tex/latex/cite\cite.sty
LaTeX Info: Redefining \cite on input line 302.
LaTeX Info: Redefining \nocite on input line 332.
Package: cite 2015/02/27  v 5.5
)
LaTeX Font Info:    Trying to load font information for OT1+lmr on input line 113.
 (C:\Users\Sameer Shaboodien\AppData\Local\Programs\MiKTeX\tex/latex/lm\ot1lmr.fd
File: ot1lmr.fd 2015/05/01 v1.6.1 Font defs for Latin Modern
) (C:\Users\Sameer Shaboodien\AppData\Local\Programs\MiKTeX\tex/latex/l3backend\l3backend-pdftex.def
File: l3backend-pdftex.def 2024-05-08 L3 backend support: PDF output (pdfTeX)
\l__color_backend_stack_int=\count369
\l__pdf_internal_box=\box83
) (stellenbosch_ee_report.aux)
\openout1 = `stellenbosch_ee_report.aux'.

LaTeX Font Info:    Checking defaults for OML/cmm/m/it on input line 113.
LaTeX Font Info:    ... okay on input line 113.
LaTeX Font Info:    Checking defaults for OMS/cmsy/m/n on input line 113.
LaTeX Font Info:    ... okay on input line 113.
LaTeX Font Info:    Checking defaults for OT1/cmr/m/n on input line 113.
LaTeX Font Info:    ... okay on input line 113.
LaTeX Font Info:    Checking defaults for T1/cmr/m/n on input line 113.
LaTeX Font Info:    ... okay on input line 113.
LaTeX Font Info:    Checking defaults for TS1/cmr/m/n on input line 113.
LaTeX Font Info:    ... okay on input line 113.
LaTeX Font Info:    Checking defaults for OMX/cmex/m/n on input line 113.
LaTeX Font Info:    ... okay on input line 113.
LaTeX Font Info:    Checking defaults for U/cmr/m/n on input line 113.
LaTeX Font Info:    ... okay on input line 113.
LaTeX Font Info:    Checking defaults for PD1/pdf/m/n on input line 113.
LaTeX Font Info:    ... okay on input line 113.
LaTeX Font Info:    Checking defaults for PU/pdf/m/n on input line 113.
LaTeX Font Info:    ... okay on input line 113.

*geometry* driver: auto-detecting
*geometry* detected driver: pdftex
*geometry* verbose mode - [ preamble ] result:
* driver: pdftex
* paper: a4paper
* layout: <same size as paper>
* layoutoffset:(h,v)=(0.0pt,0.0pt)
* modes: 
* h-part:(L,W,R)=(71.13188pt, 455.24411pt, 71.13188pt)
* v-part:(T,H,B)=(71.13188pt, 702.78308pt, 71.13188pt)
* \paperwidth=597.50787pt
* \paperheight=845.04684pt
* \textwidth=455.24411pt
* \textheight=702.78308pt
* \oddsidemargin=-1.1381pt
* \evensidemargin=-1.1381pt
* \topmargin=-38.1381pt
* \headheight=14.5pt
* \headsep=25.0pt
* \topskip=12.0pt
* \footskip=30.0pt
* \marginparwidth=35.0pt
* \marginparsep=10.0pt
* \columnsep=10.0pt
* \skip\footins=10.8pt plus 4.0pt minus 2.0pt
* \hoffset=0.0pt
* \voffset=0.0pt
* \mag=1000
* \@twocolumnfalse
* \@twosidefalse
* \@mparswitchfalse
* \@reversemarginfalse
* (1in=72.27pt=25.4mm, 1cm=28.453pt)

LaTeX Info: Redefining \microtypecontext on input line 113.
Package microtype Info: Applying patch `item' on input line 113.
Package microtype Info: Applying patch `toc' on input line 113.
Package microtype Info: Applying patch `eqnum' on input line 113.
Package microtype Info: Applying patch `footnote' on input line 113.
Package microtype Info: Applying patch `verbatim' on input line 113.
Package microtype Info: Generating PDF output.
Package microtype Info: Character protrusion enabled (level 2).
Package microtype Info: Using default protrusion set `alltext'.
Package microtype Info: Automatic font expansion enabled (level 2),
(microtype)             stretch: 20, shrink: 20, step: 1, non-selected.
Package microtype Info: Using default expansion set `alltext-nott'.
LaTeX Info: Redefining \showhyphens on input line 113.
Package microtype Info: No adjustment of tracking.
Package microtype Info: No adjustment of interword spacing.
Package microtype Info: No adjustment of character kerning.
(C:\Users\Sameer Shaboodien\AppData\Local\Programs\MiKTeX\tex/latex/microtype\mt-cmr.cfg
File: mt-cmr.cfg 2013/05/19 v2.2 microtype config. file: Computer Modern Roman (RS)
) (C:\Users\Sameer Shaboodien\AppData\Local\Programs\MiKTeX\tex/latex/translations/dicts\translations-basic-dictionary-english.trsl
File: translations-basic-dictionary-english.trsl (english translation file `translations-basic-dictionary')
)
Package translations Info: loading dictionary `translations-basic-dictionary' for `english'. on input line 113.
Package translations Info: no dictionary file `translations-basic-dictionary-afrikaans.trsl' found. on input line 113.
\c@lstlisting=\count370
 (C:\Users\Sameer Shaboodien\AppData\Local\Programs\MiKTeX\tex/context/base/mkii\supp-pdf.mkii
[Loading MPS to PDF converter (version 2006.09.02).]
\scratchcounter=\count371
\scratchdimen=\dimen324
\scratchbox=\box84
\nofMPsegments=\count372
\nofMParguments=\count373
\everyMPshowfont=\toks49
\MPscratchCnt=\count374
\MPscratchDim=\dimen325
\MPnumerator=\count375
\makeMPintoPDFobject=\count376
\everyMPtoPDFconversion=\toks50
) (C:\Users\Sameer Shaboodien\AppData\Local\Programs\MiKTeX\tex/latex/epstopdf-pkg\epstopdf-base.sty
Package: epstopdf-base 2020-01-24 v2.11 Base part for package epstopdf
Package epstopdf-base Info: Redefining graphics rule for `.eps' on input line 485.
 (C:\Users\Sameer Shaboodien\AppData\Local\Programs\MiKTeX\tex/latex/00miktex\epstopdf-sys.cfg
File: epstopdf-sys.cfg 2021/03/18 v2.0 Configuration of epstopdf for MiKTeX
))
Package caption Info: Begin \AtBeginDocument code.
Package caption Info: float package is loaded.
Package caption Info: hyperref package is loaded.
Package caption Info: End \AtBeginDocument code.
 (C:\Users\Sameer Shaboodien\AppData\Local\Programs\MiKTeX\tex/latex/pdflscape\pdflscape.sty
Package: pdflscape 2022-10-27 v0.13 Display of landscape pages in PDF
 (C:\Users\Sameer Shaboodien\AppData\Local\Programs\MiKTeX\tex/latex/pdflscape\pdflscape-nometadata.sty
Package: pdflscape-nometadata 2022-10-28 v0.13 Display of landscape pages in PDF (HO)
 (C:\Users\Sameer Shaboodien\AppData\Local\Programs\MiKTeX\tex/latex/graphics\lscape.sty
Package: lscape 2020/05/28 v3.02 Landscape Pages (DPC)
)
Package pdflscape Info: Auto-detected driver: pdftex on input line 81.
))
Package hyperref Info: Link coloring ON on input line 113.
 (stellenbosch_ee_report.out) (stellenbosch_ee_report.out)
\@outlinefile=\write4
\openout4 = `stellenbosch_ee_report.out'.

 (frontmatter/skripsie_title_page.tex
<stb-thesis-frntp.pdf, id=226, 597.50786pt x 845.04686pt>
File: stb-thesis-frntp.pdf Graphic file (type pdf)
<use stb-thesis-frntp.pdf>
Package pdftex.def Info: stb-thesis-frntp.pdf  used on input line 45.
(pdftex.def)             Requested size: 657.2623pt x 929.55443pt.


[1

{C:/Users/Sameer Shaboodien/AppData/Local/MiKTeX/fonts/map/pdftex/pdftex.map}{C:/Users/Sameer Shaboodien/AppData/Local/Programs/MiKTeX/fonts/enc/dvips/lm/lm-rm.enc} <C:/Users/Sameer Shaboodien/AppData/Local/Programs/MiKTeX/tex/latex/stellenbosch-2/figs/stb-thesis-frntp.pdf>]) (frontmatter/acknowledgements.tex) (frontmatter/declaration.tex
<USlogo-top.pdf, id=242, 560.0925pt x 183.68625pt>
File: USlogo-top.pdf Graphic file (type pdf)
<use USlogo-top.pdf>
Package pdftex.def Info: USlogo-top.pdf  used on input line 7.
(pdftex.def)             Requested size: 227.62204pt x 74.65036pt.
LaTeX Font Info:    Trying to load font information for OT1+lmss on input line 10.
 (C:\Users\Sameer Shaboodien\AppData\Local\Programs\MiKTeX\tex/latex/lm\ot1lmss.fd
File: ot1lmss.fd 2015/05/01 v1.6.1 Font defs for Latin Modern
)
Package microtype Info: Loading generic protrusion settings for font family
(microtype)             `lmss' (encoding: OT1).
(microtype)             For optimal results, create family-specific settings.
(microtype)             See the microtype manual for details.
LaTeX Font Info:    Font shape `OT1/lmss/bx/it' in size <17.28> not available
(Font)              Font shape `OT1/lmss/bx/sl' tried instead on input line 10.
 (C:\Users\Sameer Shaboodien\AppData\Local\Programs\MiKTeX\tex/latex/lm\omllmm.fd) (C:\Users\Sameer Shaboodien\AppData\Local\Programs\MiKTeX\tex/latex/lm\omslmsy.fd) (C:\Users\Sameer Shaboodien\AppData\Local\Programs\MiKTeX\tex/latex/lm\omxlmex.fd) (C:\Users\Sameer Shaboodien\AppData\Local\Programs\MiKTeX\tex/latex/amsfonts\umsa.fd) (C:\Users\Sameer Shaboodien\AppData\Local\Programs\MiKTeX\tex/latex/microtype\mt-msa.cfg) (C:\Users\Sameer Shaboodien\AppData\Local\Programs\MiKTeX\tex/latex/amsfonts\umsb.fd) (C:\Users\Sameer Shaboodien\AppData\Local\Programs\MiKTeX\tex/latex/microtype\mt-msb.cfg)
File: frontmatter/fig/signature.jpg Graphic file (type jpg)
<use frontmatter/fig/signature.jpg>
Package pdftex.def Info: frontmatter/fig/signature.jpg  used on input line 40.
(pdftex.def)             Requested size: 47.03917pt x 28.45274pt.
) (frontmatter/abstract.tex

[1 <C:/Users/Sameer Shaboodien/AppData/Local/Programs/MiKTeX/tex/latex/stellenbosch/logos/USlogo-top.pdf> <./frontmatter/fig/signature.jpg>])

[2

] (stellenbosch_ee_report.toc

[3

])
\tf@toc=\write5
\openout5 = `stellenbosch_ee_report.toc'.



[4] (stellenbosch_ee_report.lof

[5

])
\tf@lof=\write6
\openout6 = `stellenbosch_ee_report.lof'.



[6] (stellenbosch_ee_report.lot)
\tf@lot=\write7
\openout7 = `stellenbosch_ee_report.lot'.

 (frontmatter/nomenclature.tex

[7

]

[8

{C:/Users/Sameer Shaboodien/AppData/Local/Programs/MiKTeX/fonts/enc/dvips/lm/lm-mathit.enc}]
Underfull \hbox (badness 10000) in paragraph at lines 68--68
[]|\OT1/lmr/bx/n/12 (+20) Affine
 []


Underfull \hbox (badness 10000) in paragraph at lines 68--68
\OT1/lmr/bx/n/12 (+20) Trans-for-
 []


Underfull \hbox (badness 4454) in paragraph at lines 68--68
\OT1/lmr/bx/n/12 (+20) tec-tors (or
 []


Underfull \hbox (badness 10000) in paragraph at lines 68--68
[]|\OT1/lmr/bx/n/12 (+20) Global
 []


Underfull \hbox (badness 10000) in paragraph at lines 68--68
[]|\OT1/lmr/bx/n/12 (+20) GPS
 []


Underfull \hbox (badness 10000) in paragraph at lines 68--68
\OT1/lmr/bx/n/12 (+20) (Global
 []


Underfull \hbox (badness 10000) in paragraph at lines 68--68
\OT1/lmr/bx/n/12 (+20) Po-si-tion-ing
 []


Overfull \hbox (3.2608pt too wide) in paragraph at lines 68--68
[]|\OT1/lmr/bx/n/12 (-20) Homography| 
 []


Overfull \hbox (2.72498pt too wide) in paragraph at lines 68--68
[]|\OT1/lmr/bx/n/12 (-20) Homography
 []


Underfull \hbox (badness 10000) in paragraph at lines 68--68
[]|\OT1/lmr/bx/n/12 (+20) Local
 []


Underfull \hbox (badness 3386) in paragraph at lines 68--68
[]|\OT1/lmr/bx/n/12 (+20) Mutual In-
 []


Underfull \hbox (badness 10000) in paragraph at lines 68--68
[]|\OT1/lmr/bx/n/12 (+20) Planar
 []


Overfull \vbox (17.94484pt too high) has occurred while \output is active []



[9]
Overfull \hbox (17.62482pt too wide) in paragraph at lines 83--85
[][] 
 []



[10])

[11] (introduction/introduction.tex
Chapter 1.


[1

]

[2]

[3]) (Chapter 2/LiteratureReview2.tex

[4]
Chapter 2.


[5

]

[6]

[7]

[8]

[9]
LaTeX Font Info:    Trying to load font information for OT1+lmtt on input line 136.
 (C:\Users\Sameer Shaboodien\AppData\Local\Programs\MiKTeX\tex/latex/lm\ot1lmtt.fd
File: ot1lmtt.fd 2015/05/01 v1.6.1 Font defs for Latin Modern
)
Package microtype Info: Loading generic protrusion settings for font family
(microtype)             `lmtt' (encoding: OT1).
(microtype)             For optimal results, create family-specific settings.
(microtype)             See the microtype manual for details.


[10{C:/Users/Sameer Shaboodien/AppData/Local/Programs/MiKTeX/fonts/enc/dvips/lm/lm-mathsy.enc}{C:/Users/Sameer Shaboodien/AppData/Local/Programs/MiKTeX/fonts/enc/dvips/lm/lm-rmtt.enc}]

[11]
<./Chapter 2/litfigs/lowes1.png, id=664, 313.17pt x 223.58531pt>
File: ./Chapter 2/litfigs/lowes1.png Graphic file (type png)
<use ./Chapter 2/litfigs/lowes1.png>
Package pdftex.def Info: ./Chapter 2/litfigs/lowes1.png  used on input line 176.
(pdftex.def)             Requested size: 168.4381pt x 120.26004pt.
<./Chapter 2/litfigs/lowes2.png, id=666, 315.42844pt x 213.79875pt>
File: ./Chapter 2/litfigs/lowes2.png Graphic file (type png)
<use ./Chapter 2/litfigs/lowes2.png>
Package pdftex.def Info: ./Chapter 2/litfigs/lowes2.png  used on input line 182.
(pdftex.def)             Requested size: 168.4381pt x 114.16751pt.
) (Chapter 3/SystemDesign.tex

[12 <./Chapter 2/litfigs/lowes1.png> <./Chapter 2/litfigs/lowes2.png>]

[13]
Chapter 3.
<Chapter 3/Chap3Figs/HighLevelFlow.png, id=687, 954.56625pt x 405.515pt>
File: Chapter 3/Chap3Figs/HighLevelFlow.png Graphic file (type png)
<use Chapter 3/Chap3Figs/HighLevelFlow.png>
Package pdftex.def Info: Chapter 3/Chap3Figs/HighLevelFlow.png  used on input line 11.
(pdftex.def)             Requested size: 450.69417pt x 191.45833pt.


[14

 <./Chapter 3/Chap3Figs/HighLevelFlow.png>]

[15]

[16]

[17] (C:\Users\Sameer Shaboodien\AppData\Local\Programs\MiKTeX\tex/latex/listings\lstlang1.sty
File: lstlang1.sty 2024/05/25 1.10b listings language file
)
LaTeX Font Info:    Font shape `OT1/lmtt/bx/n' in size <12> not available
(Font)              Font shape `OT1/lmtt/b/n' tried instead on input line 121.
) (Chapter 4/testing.tex

[18]
Chapter 4.


[19

]
LaTeX Font Info:    Trying to load font information for TS1+lmr on input line 28.
 (C:\Users\Sameer Shaboodien\AppData\Local\Programs\MiKTeX\tex/latex/lm\ts1lmr.fd
File: ts1lmr.fd 2015/05/01 v1.6.1 Font defs for Latin Modern
)
<./Chapter 4/DEMODATASETS/CITY1.jpg, id=748, 1445.4pt x 813.0375pt>
File: ./Chapter 4/DEMODATASETS/CITY1.jpg Graphic file (type jpg)
<use ./Chapter 4/DEMODATASETS/CITY1.jpg>
Package pdftex.def Info: ./Chapter 4/DEMODATASETS/CITY1.jpg  used on input line 40.
(pdftex.def)             Requested size: 182.09486pt x 102.42342pt.
<./Chapter 4/DEMODATASETS/ROCKY.jpg, id=749, 1445.4pt x 813.0375pt>
File: ./Chapter 4/DEMODATASETS/ROCKY.jpg Graphic file (type jpg)
<use ./Chapter 4/DEMODATASETS/ROCKY.jpg>
Package pdftex.def Info: ./Chapter 4/DEMODATASETS/ROCKY.jpg  used on input line 46.
(pdftex.def)             Requested size: 182.09486pt x 102.42342pt.
<./Chapter 4/DEMODATASETS/DESERT1.jpg, id=750, 1445.4pt x 813.0375pt>
File: ./Chapter 4/DEMODATASETS/DESERT1.jpg Graphic file (type jpg)
<use ./Chapter 4/DEMODATASETS/DESERT1.jpg>
Package pdftex.def Info: ./Chapter 4/DEMODATASETS/DESERT1.jpg  used on input line 55.
(pdftex.def)             Requested size: 182.09486pt x 102.42342pt.
<./Chapter 4/DEMODATASETS/AMAZON.jpg, id=751, 1445.4pt x 813.0375pt>
File: ./Chapter 4/DEMODATASETS/AMAZON.jpg Graphic file (type jpg)
<use ./Chapter 4/DEMODATASETS/AMAZON.jpg>
Package pdftex.def Info: ./Chapter 4/DEMODATASETS/AMAZON.jpg  used on input line 61.
(pdftex.def)             Requested size: 182.09486pt x 102.42342pt.


[20{C:/Users/Sameer Shaboodien/AppData/Local/Programs/MiKTeX/fonts/enc/dvips/lm/lm-ts1.enc}]

[21 <./Chapter 4/DEMODATASETS/CITY1.jpg> <./Chapter 4/DEMODATASETS/ROCKY.jpg> <./Chapter 4/DEMODATASETS/DESERT1.jpg> <./Chapter 4/DEMODATASETS/AMAZON.jpg>]
<./Chapter 4/testresults/rmse_detectors.png, id=763, 722.7pt x 433.62pt>
File: ./Chapter 4/testresults/rmse_detectors.png Graphic file (type png)
<use ./Chapter 4/testresults/rmse_detectors.png>
Package pdftex.def Info: ./Chapter 4/testresults/rmse_detectors.png  used on input line 102.
(pdftex.def)             Requested size: 204.85846pt x 122.91472pt.
<./Chapter 4/testresults/runtime_detectors.png, id=764, 722.7pt x 433.62pt>
File: ./Chapter 4/testresults/runtime_detectors.png Graphic file (type png)
<use ./Chapter 4/testresults/runtime_detectors.png>
Package pdftex.def Info: ./Chapter 4/testresults/runtime_detectors.png  used on input line 108.
(pdftex.def)             Requested size: 204.85846pt x 122.91472pt.


[22 <./Chapter 4/testresults/rmse_detectors.png> <./Chapter 4/testresults/runtime_detectors.png>]

[23]
<./Chapter 4/testresults/rmse_flann_bf.png, id=780, 722.7pt x 433.62pt>
File: ./Chapter 4/testresults/rmse_flann_bf.png Graphic file (type png)
<use ./Chapter 4/testresults/rmse_flann_bf.png>
Package pdftex.def Info: ./Chapter 4/testresults/rmse_flann_bf.png  used on input line 143.
(pdftex.def)             Requested size: 204.85846pt x 122.91472pt.
<./Chapter 4/testresults/runtime_flann_bf.png, id=781, 722.7pt x 433.62pt>
File: ./Chapter 4/testresults/runtime_flann_bf.png Graphic file (type png)
<use ./Chapter 4/testresults/runtime_flann_bf.png>
Package pdftex.def Info: ./Chapter 4/testresults/runtime_flann_bf.png  used on input line 149.
(pdftex.def)             Requested size: 204.85846pt x 122.91472pt.
<./Chapter 4/Divergence.png, id=782, 1387.584pt x 698.8509pt>
File: ./Chapter 4/Divergence.png Graphic file (type png)
<use ./Chapter 4/Divergence.png>
Package pdftex.def Info: ./Chapter 4/Divergence.png  used on input line 157.
(pdftex.def)             Requested size: 204.85846pt x 103.17024pt.


[24 <./Chapter 4/testresults/rmse_flann_bf.png> <./Chapter 4/testresults/runtime_flann_bf.png> <./Chapter 4/Divergence.png>]
<./Chapter 4/testresults/rmse_planar_estimators.png, id=793, 722.7pt x 433.62pt>
File: ./Chapter 4/testresults/rmse_planar_estimators.png Graphic file (type png)
<use ./Chapter 4/testresults/rmse_planar_estimators.png>
Package pdftex.def Info: ./Chapter 4/testresults/rmse_planar_estimators.png  used on input line 187.
(pdftex.def)             Requested size: 204.85846pt x 122.91472pt.
<./Chapter 4/testresults/runtime_planar_estimators.png, id=794, 722.7pt x 433.62pt>
File: ./Chapter 4/testresults/runtime_planar_estimators.png Graphic file (type png)
<use ./Chapter 4/testresults/runtime_planar_estimators.png>
Package pdftex.def Info: ./Chapter 4/testresults/runtime_planar_estimators.png  used on input line 193.
(pdftex.def)             Requested size: 204.85846pt x 122.91472pt.


[25 <./Chapter 4/testresults/rmse_planar_estimators.png> <./Chapter 4/testresults/runtime_planar_estimators.png>]
<./Chapter 4/testresults/rmse_global_matching.png, id=804, 722.7pt x 433.62pt>
File: ./Chapter 4/testresults/rmse_global_matching.png Graphic file (type png)
<use ./Chapter 4/testresults/rmse_global_matching.png>
Package pdftex.def Info: ./Chapter 4/testresults/rmse_global_matching.png  used on input line 232.
(pdftex.def)             Requested size: 204.85846pt x 122.91472pt.
<./Chapter 4/testresults/runtime_global_matching.png, id=805, 722.7pt x 433.62pt>
File: ./Chapter 4/testresults/runtime_global_matching.png Graphic file (type png)
<use ./Chapter 4/testresults/runtime_global_matching.png>
Package pdftex.def Info: ./Chapter 4/testresults/runtime_global_matching.png  used on input line 238.
(pdftex.def)             Requested size: 204.85846pt x 122.91472pt.


[26]
<./Chapter 4/testresults/percentage_change_comparison_methods.png, id=811, 722.7pt x 433.62pt>
File: ./Chapter 4/testresults/percentage_change_comparison_methods.png Graphic file (type png)
<use ./Chapter 4/testresults/percentage_change_comparison_methods.png>
Package pdftex.def Info: ./Chapter 4/testresults/percentage_change_comparison_methods.png  used on input line 255.
(pdftex.def)             Requested size: 227.62206pt x 136.57117pt.


[27 <./Chapter 4/testresults/rmse_global_matching.png> <./Chapter 4/testresults/runtime_global_matching.png>]
<./Chapter 4/testresults/ransaclmedsrmse.png, id=820, 722.7pt x 433.62pt>
File: ./Chapter 4/testresults/ransaclmedsrmse.png Graphic file (type png)
<use ./Chapter 4/testresults/ransaclmedsrmse.png>
Package pdftex.def Info: ./Chapter 4/testresults/ransaclmedsrmse.png  used on input line 287.
(pdftex.def)             Requested size: 204.85846pt x 122.91472pt.

Underfull \hbox (badness 1371) in paragraph at lines 288--288
\OT1/lmr/m/n/10.95 (+20) Com-par-i-son Across Datasets for
 []

<./Chapter 4/testresults/ransaclmedsruntime.png, id=821, 722.7pt x 433.62pt>
File: ./Chapter 4/testresults/ransaclmedsruntime.png Graphic file (type png)
<use ./Chapter 4/testresults/ransaclmedsruntime.png>
Package pdftex.def Info: ./Chapter 4/testresults/ransaclmedsruntime.png  used on input line 293.
(pdftex.def)             Requested size: 204.85846pt x 122.91472pt.


[28 <./Chapter 4/testresults/percentage_change_comparison_methods.png>]

[29 <./Chapter 4/testresults/ransaclmedsrmse.png> <./Chapter 4/testresults/ransaclmedsruntime.png>]) (Chapter 5/Results.tex

[30]
Chapter 5.


[31

]

[32]
<Chapter 5/RESULTPLOTS/newkey/percacc.png, id=854, 1011.78pt x 433.62pt>
File: Chapter 5/RESULTPLOTS/newkey/percacc.png Graphic file (type png)
<use Chapter 5/RESULTPLOTS/newkey/percacc.png>
Package pdftex.def Info: Chapter 5/RESULTPLOTS/newkey/percacc.png  used on input line 68.
(pdftex.def)             Requested size: 223.07211pt x 95.6018pt.
<Chapter 5/RESULTPLOTS/newkey/pixmetacc.png, id=855, 1011.78pt x 433.62pt>
File: Chapter 5/RESULTPLOTS/newkey/pixmetacc.png Graphic file (type png)
<use Chapter 5/RESULTPLOTS/newkey/pixmetacc.png>
Package pdftex.def Info: Chapter 5/RESULTPLOTS/newkey/pixmetacc.png  used on input line 74.
(pdftex.def)             Requested size: 223.07211pt x 95.6018pt.
File: Chapter 5/RESULTPLOTS/newkey/pixmetacc.png Graphic file (type png)
<use Chapter 5/RESULTPLOTS/newkey/pixmetacc.png>
Package pdftex.def Info: Chapter 5/RESULTPLOTS/newkey/pixmetacc.png  used on input line 83.
(pdftex.def)             Requested size: 273.14923pt x 117.06572pt.
<./Chapter 5/GPSpaths/PathCity1.png, id=858, 867.24pt x 578.16pt>
File: ./Chapter 5/GPSpaths/PathCity1.png Graphic file (type png)
<use ./Chapter 5/GPSpaths/PathCity1.png>
Package pdftex.def Info: ./Chapter 5/GPSpaths/PathCity1.png  used on input line 98.
(pdftex.def)             Requested size: 184.37135pt x 122.9081pt.
<./Chapter 5/GPSpaths/PathCity2.png, id=859, 867.24pt x 578.16pt>
File: ./Chapter 5/GPSpaths/PathCity2.png Graphic file (type png)
<use ./Chapter 5/GPSpaths/PathCity2.png>
Package pdftex.def Info: ./Chapter 5/GPSpaths/PathCity2.png  used on input line 104.
(pdftex.def)             Requested size: 184.37135pt x 122.9081pt.


[33 <./Chapter 5/RESULTPLOTS/newkey/percacc.png> <./Chapter 5/RESULTPLOTS/newkey/pixmetacc.png>]
<Chapter 5/RESULTPLOTS/appfigs/matches.png, id=867, 1489.565pt x 375.4025pt>
File: Chapter 5/RESULTPLOTS/appfigs/matches.png Graphic file (type png)
<use Chapter 5/RESULTPLOTS/appfigs/matches.png>
Package pdftex.def Info: Chapter 5/RESULTPLOTS/appfigs/matches.png  used on input line 115.
(pdftex.def)             Requested size: 364.19667pt x 91.78252pt.
<Chapter 5/RESULTPLOTS/appfigs/OVERLAY.png, id=869, 1491.07062pt x 754.82pt>
File: Chapter 5/RESULTPLOTS/appfigs/OVERLAY.png Graphic file (type png)
<use Chapter 5/RESULTPLOTS/appfigs/OVERLAY.png>
Package pdftex.def Info: Chapter 5/RESULTPLOTS/appfigs/OVERLAY.png  used on input line 128.
(pdftex.def)             Requested size: 182.09486pt x 92.17543pt.


[34 <./Chapter 5/GPSpaths/PathCity1.png> <./Chapter 5/GPSpaths/PathCity2.png> <./Chapter 5/RESULTPLOTS/appfigs/matches.png> <./Chapter 5/RESULTPLOTS/appfigs/OVERLAY.png>]
<Chapter 5/RESULTPLOTS/XYHEAT.png, id=880, 867.24pt x 722.7pt>
File: Chapter 5/RESULTPLOTS/XYHEAT.png Graphic file (type png)
<use Chapter 5/RESULTPLOTS/XYHEAT.png>
Package pdftex.def Info: Chapter 5/RESULTPLOTS/XYHEAT.png  used on input line 142.
(pdftex.def)             Requested size: 182.09486pt x 151.73839pt.


[35 <./Chapter 5/RESULTPLOTS/XYHEAT.png>]

[36]
<Chapter 5/RESULTPLOTS/lowres/lowresacc.png, id=892, 1011.78pt x 578.16pt>
File: Chapter 5/RESULTPLOTS/lowres/lowresacc.png Graphic file (type png)
<use Chapter 5/RESULTPLOTS/lowres/lowresacc.png>
Package pdftex.def Info: Chapter 5/RESULTPLOTS/lowres/lowresacc.png  used on input line 195.
(pdftex.def)             Requested size: 196.66235pt x 112.37463pt.
<Chapter 5/RESULTPLOTS/lowres/lowrestime.png, id=893, 1011.78pt x 578.16pt>
File: Chapter 5/RESULTPLOTS/lowres/lowrestime.png Graphic file (type png)
<use Chapter 5/RESULTPLOTS/lowres/lowrestime.png>
Package pdftex.def Info: Chapter 5/RESULTPLOTS/lowres/lowrestime.png  used on input line 201.
(pdftex.def)             Requested size: 196.66235pt x 112.37463pt.


[37 <./Chapter 5/RESULTPLOTS/lowres/lowresacc.png> <./Chapter 5/RESULTPLOTS/lowres/lowrestime.png>]

[38]
<Chapter 5/RESULTPLOTS/MUTUAL_ACC.png, id=911, 722.7pt x 433.62pt>
File: Chapter 5/RESULTPLOTS/MUTUAL_ACC.png Graphic file (type png)
<use Chapter 5/RESULTPLOTS/MUTUAL_ACC.png>
Package pdftex.def Info: Chapter 5/RESULTPLOTS/MUTUAL_ACC.png  used on input line 231.
(pdftex.def)             Requested size: 218.51521pt x 131.10594pt.
<Chapter 5/RESULTPLOTS/MUTUAL_TIME.png, id=912, 722.7pt x 433.62pt>
File: Chapter 5/RESULTPLOTS/MUTUAL_TIME.png Graphic file (type png)
<use Chapter 5/RESULTPLOTS/MUTUAL_TIME.png>
Package pdftex.def Info: Chapter 5/RESULTPLOTS/MUTUAL_TIME.png  used on input line 237.
(pdftex.def)             Requested size: 218.51521pt x 131.10594pt.


[39 <./Chapter 5/RESULTPLOTS/MUTUAL_ACC.png> <./Chapter 5/RESULTPLOTS/MUTUAL_TIME.png>]
<Chapter 5/RESULTPLOTS/lighting/CPTdayeg.png, id=923, 1442.89063pt x 730.73pt>
File: Chapter 5/RESULTPLOTS/lighting/CPTdayeg.png Graphic file (type png)
<use Chapter 5/RESULTPLOTS/lighting/CPTdayeg.png>
Package pdftex.def Info: Chapter 5/RESULTPLOTS/lighting/CPTdayeg.png  used on input line 278.
(pdftex.def)             Requested size: 109.26108pt x 55.32643pt.

Underfull \hbox (badness 10000) in paragraph at lines 279--279
[]\OT1/lmss/bx/n/10.95 (+20) Figure 5.13:
 []

<Chapter 5/RESULTPLOTS/lighting/CPTearlyeveningeg.png, id=924, 1441.385pt x 726.21312pt>
File: Chapter 5/RESULTPLOTS/lighting/CPTearlyeveningeg.png Graphic file (type png)
<use Chapter 5/RESULTPLOTS/lighting/CPTearlyeveningeg.png>
Package pdftex.def Info: Chapter 5/RESULTPLOTS/lighting/CPTearlyeveningeg.png  used on input line 284.
(pdftex.def)             Requested size: 109.26108pt x 55.03984pt.

Underfull \hbox (badness 10000) in paragraph at lines 285--285
[]\OT1/lmss/bx/n/10.95 (+20) Figure 5.14:
 []

<Chapter 5/RESULTPLOTS/lighting/CPTlateeveningeg.png, id=925, 1441.385pt x 729.22438pt>
File: Chapter 5/RESULTPLOTS/lighting/CPTlateeveningeg.png Graphic file (type png)
<use Chapter 5/RESULTPLOTS/lighting/CPTlateeveningeg.png>
Package pdftex.def Info: Chapter 5/RESULTPLOTS/lighting/CPTlateeveningeg.png  used on input line 290.
(pdftex.def)             Requested size: 109.26108pt x 55.26807pt.

Underfull \hbox (badness 10000) in paragraph at lines 291--291
[]\OT1/lmss/bx/n/10.95 (+20) Figure 5.15:
 []

<Chapter 5/RESULTPLOTS/lighting/CPTnighteg.png, id=926, 1444.39626pt x 730.73pt>
File: Chapter 5/RESULTPLOTS/lighting/CPTnighteg.png Graphic file (type png)
<use Chapter 5/RESULTPLOTS/lighting/CPTnighteg.png>
Package pdftex.def Info: Chapter 5/RESULTPLOTS/lighting/CPTnighteg.png  used on input line 296.
(pdftex.def)             Requested size: 109.26108pt x 55.27068pt.

Underfull \hbox (badness 10000) in paragraph at lines 297--297
[]\OT1/lmss/bx/n/10.95 (+20) Figure 5.16:
 []



[40 <./Chapter 5/RESULTPLOTS/lighting/CPTdayeg.png> <./Chapter 5/RESULTPLOTS/lighting/CPTearlyeveningeg.png> <./Chapter 5/RESULTPLOTS/lighting/CPTlateeveningeg.png> <./Chapter 5/RESULTPLOTS/lighting/CPTnighteg.png>]
<Chapter 5/RESULTPLOTS/lighting/lightresults.png, id=940, 867.24pt x 505.89pt>
File: Chapter 5/RESULTPLOTS/lighting/lightresults.png Graphic file (type png)
<use Chapter 5/RESULTPLOTS/lighting/lightresults.png>
Package pdftex.def Info: Chapter 5/RESULTPLOTS/lighting/lightresults.png  used on input line 318.
(pdftex.def)             Requested size: 250.38564pt x 146.05592pt.


[41 <./Chapter 5/RESULTPLOTS/lighting/lightresults.png>]) (conclusion/conclusion.tex

[42]
Chapter 6.


[43

]) (Chapter 6/FutureWork.tex) (stellenbosch_ee_report.bbl

[44]

[45

]
Underfull \hbox (badness 10000) in paragraph at lines 130--136
[][]$\OT1/lmr/m/n/12 (+20) https : / / www . researchgate . net / publication / 349871153[]Implementation[]of[]MLDB[]
 []


Underfull \hbox (badness 10000) in paragraph at lines 130--136
\OT1/lmr/m/n/12 (+8) as[]high[]performance[]machine[]learning[]database[]for[]high[]performance[]applications /
 []



[46]) (appendices/appendices.tex

[47]
Appendix A.


[48

])

Package caption Warning: Unused \captionsetup[algorithm] on input line 99.
See the caption package documentation for explanation.



[49]

[50] (stellenbosch_ee_report.aux)
 ***********
LaTeX2e <2024-06-01> patch level 2
L3 programming layer <2024-05-27>
 ***********
Package rerunfilecheck Info: File `stellenbosch_ee_report.out' has not changed.
(rerunfilecheck)             Checksum: BB6550E77F5D8993A005C91DD01775B1;8018.
 ) 
Here is how much of TeX's memory you used:
 34470 strings out of 473904
 688953 string characters out of 5720901
 1951908 words of memory out of 5000000
 56267 multiletter control sequences out of 15000+600000
 635961 words of font info for 198 fonts, out of 8000000 for 9000
 1141 hyphenation exceptions out of 8191
 84i,16n,87p,1474b,1307s stack positions out of 10000i,1000n,20000p,200000b,200000s
<C:/Users/Sameer Shaboodien/AppData/Local/Programs/MiKTeX/fonts/type1/public/lm/lmbx12.pfb><C:/Users/Sameer Shaboodien/AppData/Local/Programs/MiKTeX/fonts/type1/public/lm/lmmi12.pfb><C:/Users/Sameer Shaboodien/AppData/Local/Programs/MiKTeX/fonts/type1/public/lm/lmr10.pfb><C:/Users/Sameer Shaboodien/AppData/Local/Programs/MiKTeX/fonts/type1/public/lm/lmr12.pfb><C:/Users/Sameer Shaboodien/AppData/Local/Programs/MiKTeX/fonts/type1/public/lm/lmr17.pfb><C:/Users/Sameer Shaboodien/AppData/Local/Programs/MiKTeX/fonts/type1/public/lm/lmr6.pfb><C:/Users/Sameer Shaboodien/AppData/Local/Programs/MiKTeX/fonts/type1/public/lm/lmr8.pfb><C:/Users/Sameer Shaboodien/AppData/Local/Programs/MiKTeX/fonts/type1/public/lm/lmri12.pfb><C:/Users/Sameer Shaboodien/AppData/Local/Programs/MiKTeX/fonts/type1/public/lm/lmssbo10.pfb><C:/Users/Sameer Shaboodien/AppData/Local/Programs/MiKTeX/fonts/type1/public/lm/lmssbx10.pfb><C:/Users/Sameer Shaboodien/AppData/Local/Programs/MiKTeX/fonts/type1/public/lm/lmsy10.pfb><C:/Users/Sameer Shaboodien/AppData/Local/Programs/MiKTeX/fonts/type1/public/lm/lmsy8.pfb><C:/Users/Sameer Shaboodien/AppData/Local/Programs/MiKTeX/fonts/type1/public/lm/lmtk10.pfb><C:/Users/Sameer Shaboodien/AppData/Local/Programs/MiKTeX/fonts/type1/public/lm/lmtt12.pfb><C:/Users/Sameer Shaboodien/AppData/Local/Programs/MiKTeX/fonts/type1/public/lm/lmtti10.pfb>
Output written on stellenbosch_ee_report.pdf (62 pages, 52599239 bytes).
PDF statistics:
 1147 PDF objects out of 1200 (max. 8388607)
 229 named destinations out of 1000 (max. 500000)
 47235 words of extra memory for PDF output out of 51595 (max. 10000000)

