\BOOKMARK [0][-]{chapter*.1}{\376\377\000D\000e\000c\000l\000a\000r\000a\000t\000i\000o\000n}{}% 1
\BOOKMARK [0][-]{chapter*.2}{\376\377\000A\000b\000s\000t\000r\000a\000c\000t}{}% 2
\BOOKMARK [0][-]{chapter*.4}{\376\377\000L\000i\000s\000t\000\040\000o\000f\000\040\000F\000i\000g\000u\000r\000e\000s}{}% 3
\BOOKMARK [0][-]{chapter*.5}{\376\377\000L\000i\000s\000t\000\040\000o\000f\000\040\000T\000a\000b\000l\000e\000s}{}% 4
\BOOKMARK [0][-]{chapter*.6}{\376\377\000N\000o\000m\000e\000n\000c\000l\000a\000t\000u\000r\000e}{}% 5
\BOOKMARK [0][-]{chapter.1}{\376\377\000R\000e\000s\000u\000l\000t\000s}{}% 6
\BOOKMARK [0][-]{chapter.2}{\376\377\000C\000o\000m\000p\000a\000r\000i\000s\000o\000n\000\040\000o\000f\000\040\000M\000e\000t\000h\000o\000d\000s}{}% 7
\BOOKMARK [1][-]{section.2.1}{\376\377\000T\000e\000s\000t\000i\000n\000g\000\040\000S\000e\000t\000u\000p}{chapter.2}% 8
\BOOKMARK [2][-]{subsection.2.1.1}{\376\377\000D\000a\000t\000a\000s\000e\000t\000s}{section.2.1}% 9
\BOOKMARK [2][-]{subsection.2.1.2}{\376\377\000T\000e\000s\000t\000i\000n\000g\000\040\000S\000t\000r\000u\000c\000t\000u\000r\000e}{section.2.1}% 10
\BOOKMARK [2][-]{subsection.2.1.3}{\376\377\000P\000a\000r\000a\000m\000e\000t\000e\000r\000s}{section.2.1}% 11
\BOOKMARK [1][-]{section.2.2}{\376\377\000F\000e\000a\000t\000u\000r\000e\000\040\000D\000e\000t\000e\000c\000t\000o\000r\000s}{chapter.2}% 12
\BOOKMARK [2][-]{subsection.2.2.1}{\376\377\000T\000r\000a\000n\000s\000l\000a\000t\000i\000o\000n\000\040\000E\000s\000t\000i\000m\000a\000t\000i\000o\000n\000\040\000P\000e\000r\000f\000o\000r\000m\000a\000n\000c\000e}{section.2.2}% 13
\BOOKMARK [2][-]{subsection.2.2.2}{\376\377\000R\000o\000t\000a\000t\000i\000o\000n\000\040\000E\000s\000t\000i\000m\000a\000t\000i\000o\000n\000\040\000P\000e\000r\000f\000o\000r\000m\000a\000n\000c\000e}{section.2.2}% 14
\BOOKMARK [2][-]{subsection.2.2.3}{\376\377\000F\000i\000n\000a\000l\000\040\000S\000e\000l\000e\000c\000t\000i\000o\000n\000\040\000o\000f\000\040\000F\000e\000a\000t\000u\000r\000e\000\040\000D\000e\000t\000e\000c\000t\000o\000r\000s}{section.2.2}% 15
\BOOKMARK [1][-]{section.2.3}{\376\377\000L\000o\000c\000a\000l\000\040\000F\000e\000a\000t\000u\000r\000e\000\040\000M\000a\000t\000c\000h\000e\000r\000s}{chapter.2}% 16
\BOOKMARK [2][-]{subsection.2.3.1}{\376\377\000T\000e\000s\000t\000i\000n\000g\000\040\000O\000v\000e\000r\000v\000i\000e\000w}{section.2.3}% 17
\BOOKMARK [2][-]{subsection.2.3.2}{\376\377\000A\000c\000c\000u\000r\000a\000c\000y\000\040\000E\000v\000a\000l\000u\000a\000t\000i\000o\000n}{section.2.3}% 18
\BOOKMARK [2][-]{subsection.2.3.3}{\376\377\000R\000u\000n\000t\000i\000m\000e\000\040\000E\000v\000a\000l\000u\000a\000t\000i\000o\000n}{section.2.3}% 19
\BOOKMARK [2][-]{subsection.2.3.4}{\376\377\000R\000o\000b\000u\000s\000t\000n\000e\000s\000s\000\040\000U\000n\000d\000e\000r\000\040\000V\000a\000r\000y\000i\000n\000g\000\040\000D\000e\000t\000e\000c\000t\000o\000r\000\040\000T\000h\000r\000e\000s\000h\000o\000l\000d\000s}{section.2.3}% 20
\BOOKMARK [2][-]{subsection.2.3.5}{\376\377\000F\000i\000n\000a\000l\000\040\000S\000e\000l\000e\000c\000t\000i\000o\000n\000\040\000o\000f\000\040\000L\000o\000c\000a\000l\000\040\000F\000e\000a\000t\000u\000r\000e\000\040\000M\000a\000t\000c\000h\000e\000r}{section.2.3}% 21
\BOOKMARK [1][-]{section.2.4}{\376\377\000R\000o\000t\000a\000t\000i\000o\000n\000a\000l\000\040\000E\000s\000t\000i\000m\000a\000t\000o\000r\000s}{chapter.2}% 22
\BOOKMARK [2][-]{subsection.2.4.1}{\376\377\000A\000c\000c\000u\000r\000a\000c\000y\000\040\000E\000v\000a\000l\000u\000a\000t\000i\000o\000n}{section.2.4}% 23
\BOOKMARK [2][-]{subsection.2.4.2}{\376\377\000R\000u\000n\000t\000i\000m\000e\000\040\000E\000v\000a\000l\000u\000a\000t\000i\000o\000n}{section.2.4}% 24
\BOOKMARK [2][-]{subsection.2.4.3}{\376\377\000R\000o\000b\000u\000s\000t\000n\000e\000s\000s\000\040\000T\000e\000s\000t\000i\000n\000g}{section.2.4}% 25
\BOOKMARK [2][-]{subsection.2.4.4}{\376\377\000F\000i\000n\000a\000l\000\040\000S\000e\000l\000e\000c\000t\000i\000o\000n\000\040\000o\000f\000\040\000R\000o\000t\000a\000t\000i\000o\000n\000a\000l\000\040\000E\000s\000t\000i\000m\000a\000t\000o\000r}{section.2.4}% 26
\BOOKMARK [1][-]{section.2.5}{\376\377\000I\000m\000a\000g\000e\000\040\000S\000i\000m\000i\000l\000a\000r\000i\000t\000y\000\040\000E\000s\000t\000i\000m\000a\000t\000o\000r\000s}{chapter.2}% 27
\BOOKMARK [2][-]{subsection.2.5.1}{\376\377\000A\000c\000c\000u\000r\000a\000c\000y\000\040\000E\000v\000a\000l\000u\000a\000t\000i\000o\000n}{section.2.5}% 28
\BOOKMARK [2][-]{subsection.2.5.2}{\376\377\000R\000u\000n\000t\000i\000m\000e\000\040\000E\000v\000a\000l\000u\000a\000t\000i\000o\000n}{section.2.5}% 29
\BOOKMARK [2][-]{subsection.2.5.3}{\376\377\000R\000o\000b\000u\000s\000t\000n\000e\000s\000s\000\040\000t\000o\000\040\000R\000o\000t\000a\000t\000i\000o\000n\000a\000l\000\040\000O\000f\000f\000s\000e\000t\000s}{section.2.5}% 30
\BOOKMARK [2][-]{subsection.2.5.4}{\376\377\000I\000m\000p\000r\000o\000v\000e\000m\000e\000n\000t\000\040\000T\000e\000c\000h\000n\000i\000q\000u\000e}{section.2.5}% 31
\BOOKMARK [2][-]{subsection.2.5.5}{\376\377\000F\000i\000n\000a\000l\000\040\000S\000e\000l\000e\000c\000t\000i\000o\000n\000\040\000o\000f\000\040\000G\000l\000o\000b\000a\000l\000\040\000M\000a\000t\000c\000h\000i\000n\000g\000\040\000T\000e\000c\000h\000n\000i\000q\000u\000e}{section.2.5}% 32
\BOOKMARK [1][-]{section.2.6}{\376\377\000T\000r\000a\000n\000s\000l\000a\000t\000i\000o\000n\000a\000l\000\040\000E\000s\000t\000i\000m\000a\000t\000o\000r\000s}{chapter.2}% 33
\BOOKMARK [2][-]{subsection.2.6.1}{\376\377\000A\000c\000c\000u\000r\000a\000c\000y\000\040\000E\000v\000a\000l\000u\000a\000t\000i\000o\000n}{section.2.6}% 34
\BOOKMARK [2][-]{subsection.2.6.2}{\376\377\000R\000u\000n\000t\000i\000m\000e\000\040\000E\000v\000a\000l\000u\000a\000t\000i\000o\000n}{section.2.6}% 35
\BOOKMARK [2][-]{subsection.2.6.3}{\376\377\000R\000o\000b\000u\000s\000t\000n\000e\000s\000s\000\040\000T\000e\000s\000t\000i\000n\000g}{section.2.6}% 36
\BOOKMARK [2][-]{subsection.2.6.4}{\376\377\000F\000i\000n\000a\000l\000\040\000C\000h\000o\000i\000c\000e\000\040\000o\000f\000\040\000T\000r\000a\000n\000s\000l\000a\000t\000i\000o\000n\000a\000l\000\040\000E\000s\000t\000i\000m\000a\000t\000o\000r}{section.2.6}% 37
\BOOKMARK [1][-]{section.2.7}{\376\377\000O\000p\000t\000i\000m\000i\000z\000a\000t\000i\000o\000n\000\040\000T\000e\000c\000h\000n\000i\000q\000u\000e\000s}{chapter.2}% 38
\BOOKMARK [2][-]{subsection.2.7.1}{\376\377\000P\000l\000a\000n\000a\000r\000\040\000T\000r\000a\000n\000s\000f\000o\000r\000m\000\040\000O\000u\000t\000l\000i\000e\000r\000\040\000R\000e\000j\000e\000c\000t\000i\000o\000n\000\040\000M\000e\000t\000h\000o\000d}{section.2.7}% 39
\BOOKMARK [2][-]{subsection.2.7.2}{\376\377\000L\000o\000w\000e\000'\000s\000\040\000R\000a\000t\000i\000o\000\040\000T\000e\000s\000t}{section.2.7}% 40
\BOOKMARK [2][-]{subsection.2.7.3}{\376\377\000P\000a\000r\000a\000l\000l\000e\000l\000\040\000F\000l\000o\000w\000\040\000F\000i\000l\000t\000e\000r\000i\000n\000g}{section.2.7}% 41
\BOOKMARK [0][-]{chapter.3}{\376\377\000L\000o\000c\000a\000l\000\040\000F\000e\000a\000t\000u\000r\000e\000\040\000M\000a\000t\000c\000h\000e\000r\000s}{}% 42
\BOOKMARK [1][-]{section.3.1}{\376\377\000E\000x\000p\000e\000r\000i\000m\000e\000n\000t\000a\000l\000\040\000S\000e\000t\000u\000p\000\040\000a\000n\000d\000\040\000R\000e\000s\000u\000l\000t\000s}{chapter.3}% 43
\BOOKMARK [2][-]{subsection.3.1.1}{\376\377\000R\000o\000b\000u\000s\000t\000n\000e\000s\000s\000\040\000E\000v\000a\000l\000u\000a\000t\000i\000o\000n}{section.3.1}% 44
\BOOKMARK [1][-]{section.3.2}{\376\377\000R\000o\000t\000a\000t\000i\000o\000n\000a\000l\000\040\000E\000s\000t\000i\000m\000a\000t\000o\000r\000s}{chapter.3}% 45
\BOOKMARK [2][-]{subsection.3.2.1}{\376\377\000I\000n\000i\000t\000i\000a\000l\000\040\000A\000c\000c\000u\000r\000a\000c\000y\000-\000R\000u\000n\000t\000i\000m\000e\000\040\000T\000e\000s\000t\000i\000n\000g}{section.3.2}% 46
\BOOKMARK [2][-]{subsection.3.2.2}{\376\377\000D\000e\000t\000a\000i\000l\000e\000d\000\040\000T\000i\000m\000e\000,\000\040\000R\000o\000b\000u\000s\000t\000n\000e\000s\000s\000\040\000\046\000\040\000A\000c\000c\000u\000r\000a\000c\000y\000\040\000T\000e\000s\000t\000i\000n\000g}{section.3.2}% 47
\BOOKMARK [2][-]{subsection.3.2.3}{\376\377\000M\000e\000t\000h\000o\000d\000\040\000S\000e\000n\000s\000i\000t\000i\000v\000i\000t\000y}{section.3.2}% 48
\BOOKMARK [2][-]{subsection.3.2.4}{\376\377\000C\000o\000n\000c\000l\000u\000s\000i\000o\000n}{section.3.2}% 49
\BOOKMARK [0][-]{chapter.4}{\376\377\000S\000u\000m\000m\000a\000r\000y\000\040\000a\000n\000d\000\040\000C\000o\000n\000c\000l\000u\000s\000i\000o\000n}{}% 50
\BOOKMARK [0][-]{appendix.A}{\376\377\000P\000r\000o\000j\000e\000c\000t\000\040\000P\000l\000a\000n\000n\000i\000n\000g\000\040\000S\000c\000h\000e\000d\000u\000l\000e}{}% 51
\BOOKMARK [0][-]{appendix.B}{\376\377\000O\000u\000t\000c\000o\000m\000e\000s\000\040\000C\000o\000m\000p\000l\000i\000a\000n\000c\000e}{}% 52
